Log file open, 10/14/22 16:47:08
LogWindows: Failed to load 'aqProf.dll' (GetLastError=126)
LogWindows: File 'aqProf.dll' does not exist
LogWindows: Failed to load 'VtuneApi.dll' (GetLastError=126)
LogWindows: File 'VtuneApi.dll' does not exist
LogWindows: Failed to load 'VtuneApi32e.dll' (GetLastError=126)
LogWindows: File 'VtuneApi32e.dll' does not exist
LogConsoleResponse: Display: Failed to find resolution value strings in scalability ini. Falling back to default.
LogConsoleResponse: Display: Failed to find resolution value strings in scalability ini. Falling back to default.
LogInit: Display: Running engine for game: UnrealLearningKit
LogPlatformFile: Not using cached read wrapper
LogTaskGraph: Started task graph with 5 named threads and 35 total threads with 3 sets of task threads.
LogStats: Stats thread started at 0.420769
LogICUInternationalization: ICU TimeZone Detection - Raw Offset: -6:00, Platform Override: ''
LogInit: Display: Loading text-based GConfig....
LogPluginManager: Mounting plugin MeshPainting
LogPluginManager: Mounting plugin XGEController
LogPluginManager: Mounting plugin Paper2D
LogPluginManager: Mounting plugin AISupport
LogPluginManager: Mounting plugin EnvironmentQueryEditor
LogPluginManager: Mounting plugin LightPropagationVolume
LogPluginManager: Mounting plugin CameraShakePreviewer
LogPluginManager: Mounting plugin GameplayCameras
LogPluginManager: Mounting plugin OodleData
LogPluginManager: Mounting plugin OodleNetwork
LogPluginManager: Mounting plugin AnimationSharing
LogPluginManager: Mounting plugin CodeLiteSourceCodeAccess
LogPluginManager: Mounting plugin CLionSourceCodeAccess
LogPluginManager: Mounting plugin GitSourceControl
LogPluginManager: Mounting plugin KDevelopSourceCodeAccess
LogPluginManager: Mounting plugin NullSourceCodeAccess
LogPluginManager: Mounting plugin PerforceSourceControl
LogPluginManager: Mounting plugin PixWinPlugin
LogPluginManager: Mounting plugin PlasticSourceControl
LogPluginManager: Mounting plugin PluginUtils
LogPluginManager: Mounting plugin PropertyAccessNode
LogPluginManager: Mounting plugin SubversionSourceControl
LogPluginManager: Mounting plugin RiderSourceCodeAccess
LogPluginManager: Mounting plugin TextureFormatOodle
LogPluginManager: Mounting plugin UObjectPlugin
LogPluginManager: Mounting plugin VisualStudioCodeSourceCodeAccess
LogPluginManager: Mounting plugin VisualStudioSourceCodeAccess
LogPluginManager: Mounting plugin XCodeSourceCodeAccess
LogPluginManager: Mounting plugin AssetManagerEditor
LogPluginManager: Mounting plugin DatasmithContent
LogPluginManager: Mounting plugin VariantManagerContent
LogPluginManager: Mounting plugin CryptoKeys
LogPluginManager: Mounting plugin CurveEditorTools
LogPluginManager: Mounting plugin DataValidation
LogPluginManager: Mounting plugin FacialAnimation
LogPluginManager: Mounting plugin GameplayTagsEditor
LogPluginManager: Mounting plugin GeometryMode
LogPluginManager: Mounting plugin Niagara
LogPluginManager: Mounting plugin MacGraphicsSwitching
LogPluginManager: Mounting plugin MaterialAnalyzer
LogPluginManager: Mounting plugin MobileLauncherProfileWizard
LogPluginManager: Mounting plugin PluginBrowser
LogPluginManager: Mounting plugin SpeedTreeImporter
LogPluginManager: Mounting plugin AlembicImporter
LogPluginManager: Mounting plugin AutomationUtils
LogPluginManager: Mounting plugin LiveLink
LogPluginManager: Mounting plugin ChaosCloth
LogPluginManager: Mounting plugin BackChannel
LogPluginManager: Mounting plugin ChaosClothEditor
LogPluginManager: Mounting plugin ChaosEditor
LogPluginManager: Mounting plugin ChaosNiagara
LogPluginManager: Mounting plugin ChaosSolverPlugin
LogPluginManager: Mounting plugin LuminPlatformFeatures
LogPluginManager: Mounting plugin MagicLeap
LogPluginManager: Mounting plugin MagicLeapLightEstimation
LogPluginManager: Mounting plugin MagicLeapMedia
LogPluginManager: Mounting plugin MagicLeapPassableWorld
LogPluginManager: Mounting plugin MLSDK
LogPluginManager: Mounting plugin AndroidMedia
LogPluginManager: Mounting plugin AvfMedia
LogPluginManager: Mounting plugin ImgMedia
LogPluginManager: Mounting plugin MediaCompositing
LogPluginManager: Mounting plugin MediaPlayerEditor
LogPluginManager: Mounting plugin WebMMedia
LogPluginManager: Mounting plugin WmfMedia
LogPluginManager: Mounting plugin GeometryCache
LogPluginManager: Mounting plugin GeometryProcessing
LogPluginManager: Mounting plugin GeometryCollectionPlugin
LogPluginManager: Mounting plugin MotoSynth
LogPluginManager: Mounting plugin OpenImageDenoise
LogPluginManager: Mounting plugin PlanarCut
LogPluginManager: Mounting plugin PlatformCrypto
LogPluginManager: Mounting plugin ProxyLODPlugin
LogPluginManager: Mounting plugin ActorSequence
LogPluginManager: Mounting plugin PythonScriptPlugin
LogPluginManager: Mounting plugin MatineeToLevelSequence
LogPluginManager: Mounting plugin LevelSequenceEditor
LogPluginManager: Mounting plugin TcpMessaging
LogPluginManager: Mounting plugin TemplateSequence
LogPluginManager: Mounting plugin UdpMessaging
LogPluginManager: Mounting plugin SkeletalReduction
LogPluginManager: Mounting plugin OnlineSubsystem
LogPluginManager: Mounting plugin CharacterAI
LogPluginManager: Mounting plugin OnlineSubsystemNull
LogPluginManager: Mounting plugin OnlineSubsystemUtils
LogPluginManager: Mounting plugin ActorLayerUtilities
LogPluginManager: Mounting plugin AndroidDeviceProfileSelector
LogPluginManager: Mounting plugin AndroidMoviePlayer
LogPluginManager: Mounting plugin AndroidPermission
LogPluginManager: Mounting plugin AppleImageUtils
LogPluginManager: Mounting plugin AppleMoviePlayer
LogPluginManager: Mounting plugin ArchVisCharacter
LogPluginManager: Mounting plugin AssetTags
LogPluginManager: Mounting plugin AudioCapture
LogPluginManager: Mounting plugin AudioSynesthesia
LogPluginManager: Mounting plugin CableComponent
LogPluginManager: Mounting plugin ChunkDownloader
LogPluginManager: Mounting plugin CustomMeshComponent
LogPluginManager: Mounting plugin EditableMesh
LogPluginManager: Mounting plugin ExampleDeviceProfileSelector
LogPluginManager: Mounting plugin ScreenshotTools
LogPluginManager: Mounting plugin GoogleCloudMessaging
LogPluginManager: Mounting plugin GooglePAD
LogPluginManager: Mounting plugin IOSDeviceProfileSelector
LogPluginManager: Mounting plugin LinuxDeviceProfileSelector
LogPluginManager: Mounting plugin LocationServicesBPLibrary
LogPluginManager: Mounting plugin LauncherChunkInstaller
LogPluginManager: Mounting plugin MobilePatchingUtils
LogPluginManager: Mounting plugin OpenXR
LogPluginManager: Mounting plugin OpenXREyeTracker
LogPluginManager: Mounting plugin Takes
LogPluginManager: Mounting plugin OpenXRHandTracking
LogPluginManager: Mounting plugin PhysXVehicles
LogPluginManager: Mounting plugin PostSplashScreen
LogPluginManager: Mounting plugin ProceduralMeshComponent
LogPluginManager: Mounting plugin PropertyAccessEditor
LogPluginManager: Mounting plugin RuntimePhysXCooking
LogPluginManager: Mounting plugin SignificanceManager
LogPluginManager: Mounting plugin SoundFields
LogPluginManager: Mounting plugin Synthesis
LogPluginManager: Mounting plugin WebMMoviePlayer
LogPluginManager: Mounting plugin WindowsMoviePlayer
LogPluginManager: Mounting plugin ContentBrowserAssetDataSource
LogPluginManager: Mounting plugin ContentBrowserClassDataSource
LogPluginManager: Mounting plugin ContentBrowserFileDataSource
LogPluginManager: Mounting plugin OnlineSubsystemGooglePlay
LogPluginManager: Mounting plugin OnlineSubsystemIOS
LogPluginManager: Mounting plugin OculusVR
LogPluginManager: Mounting plugin SteamVR
PixWinPlugin: PIX capture plugin failed to initialize! Check that the process is launched from PIX.
LogInit: Using libcurl 7.55.1-DEV
LogInit:  - built for x86_64-pc-win32
LogInit:  - supports SSL with OpenSSL/1.1.1
LogInit:  - supports HTTP deflate (compression) using libz 1.2.8
LogInit:  - other features:
LogInit:      CURL_VERSION_SSL
LogInit:      CURL_VERSION_LIBZ
LogInit:      CURL_VERSION_IPV6
LogInit:      CURL_VERSION_ASYNCHDNS
LogInit:      CURL_VERSION_LARGEFILE
LogInit:      CURL_VERSION_IDN
LogInit:  CurlRequestOptions (configurable via config and command line):
LogInit:  - bVerifyPeer = true  - Libcurl will verify peer certificate
LogInit:  - bUseHttpProxy = false  - Libcurl will NOT use HTTP proxy
LogInit:  - bDontReuseConnections = false  - Libcurl will reuse connections
LogInit:  - MaxHostConnections = 16  - Libcurl will limit the number of connections to a host
LogInit:  - LocalHostAddr = Default
LogInit:  - BufferSize = 65536
LogOnline: OSS: Creating online subsystem instance for: NULL
LogInit: WinSock: version 1.1 (2.2), MaxSocks=32767, MaxUdp=65467
LogOnline: OSS: TryLoadSubsystemAndSetDefault: Loaded subsystem for module [NULL]
LogOculusPluginWrapper: OculusPlugin initialized successfully
LogHMD: Failed initializing OVRPlugin 1.59.0
LogInit: Build: ++UE4+Release-4.27-CL-18319896
LogInit: Engine Version: 4.27.2-18319896+++UE4+Release-4.27
LogInit: Compatible Engine Version: 4.27.0-17155196+++UE4+Release-4.27
LogInit: Net CL: 17155196
LogInit: OS: Windows 10 (Release 2009) (), CPU: Intel(R) Core(TM) i7-9750H CPU @ 2.60GHz, GPU: Intel(R) UHD Graphics 630
LogInit: Compiled (64-bit): Nov 30 2021 07:12:08
LogInit: Compiled with Visual C++: 19.24.28315.00
LogInit: Build Configuration: Development
LogInit: Branch Name: ++UE4+Release-4.27
LogInit: Command Line:  /Game/LearningKit_Games/Maps/LearningKit_Games_Showcase -game -PIEVIACONSOLE -Multiprocess "GameUserSettingsINI=C:/Users/davs2/OneDrive/Documents/Unreal Projects/UnrealLearningKit/Saved/Config/Windows/PIEGameUserSettings0.ini" -MultiprocessSaveConfig -forcepassthrough -messaging -SessionName="Play in Standalone Game" -windowed -WinX=320 -WinY=180 SAVEWINPOS=1 -ResX=1280 -ResY=720
LogInit: Base Directory: C:/Program Files/Epic Games/UE_4.27/Engine/Binaries/Win64/
LogInit: Allocator: TBB
LogInit: Installed Engine Build: 1
LogDevObjectVersion: Number of dev versions registered: 29
LogDevObjectVersion:   Dev-Blueprints (B0D832E4-1F89-4F0D-ACCF-7EB736FD4AA2): 10
LogDevObjectVersion:   Dev-Build (E1C64328-A22C-4D53-A36C-8E866417BD8C): 0
LogDevObjectVersion:   Dev-Core (375EC13C-06E4-48FB-B500-84F0262A717E): 4
LogDevObjectVersion:   Dev-Editor (E4B068ED-F494-42E9-A231-DA0B2E46BB41): 40
LogDevObjectVersion:   Dev-Framework (CFFC743F-43B0-4480-9391-14DF171D2073): 37
LogDevObjectVersion:   Dev-Mobile (B02B49B5-BB20-44E9-A304-32B752E40360): 3
LogDevObjectVersion:   Dev-Networking (A4E4105C-59A1-49B5-A7C5-40C4547EDFEE): 0
LogDevObjectVersion:   Dev-Online (39C831C9-5AE6-47DC-9A44-9C173E1C8E7C): 0
LogDevObjectVersion:   Dev-Physics (78F01B33-EBEA-4F98-B9B4-84EACCB95AA2): 14
LogDevObjectVersion:   Dev-Platform (6631380F-2D4D-43E0-8009-CF276956A95A): 0
LogDevObjectVersion:   Dev-Rendering (12F88B9F-8875-4AFC-A67C-D90C383ABD29): 45
LogDevObjectVersion:   Dev-Sequencer (7B5AE74C-D270-4C10-A958-57980B212A5A): 13
LogDevObjectVersion:   Dev-VR (D7296918-1DD6-4BDD-9DE2-64A83CC13884): 3
LogDevObjectVersion:   Dev-LoadTimes (C2A15278-BFE7-4AFE-6C17-90FF531DF755): 1
LogDevObjectVersion:   Private-Geometry (6EACA3D4-40EC-4CC1-B786-8BED09428FC5): 3
LogDevObjectVersion:   Dev-AnimPhys (29E575DD-E0A3-4627-9D10-D276232CDCEA): 17
LogDevObjectVersion:   Dev-Anim (AF43A65D-7FD3-4947-9873-3E8ED9C1BB05): 15
LogDevObjectVersion:   Dev-ReflectionCapture (6B266CEC-1EC7-4B8F-A30B-E4D90942FC07): 1
LogDevObjectVersion:   Dev-Automation (0DF73D61-A23F-47EA-B727-89E90C41499A): 1
LogDevObjectVersion:   FortniteMain (601D1886-AC64-4F84-AA16-D3DE0DEAC7D6): 47
LogDevObjectVersion:   FortniteRelease (E7086368-6B23-4C58-8439-1B7016265E91): 1
LogDevObjectVersion:   Dev-Enterprise (9DFFBCD6-494F-0158-E221-12823C92A888): 10
LogDevObjectVersion:   Dev-Niagara (F2AED0AC-9AFE-416F-8664-AA7FFA26D6FC): 1
LogDevObjectVersion:   Dev-Destruction (174F1F0B-B4C6-45A5-B13F-2EE8D0FB917D): 10
LogDevObjectVersion:   Dev-Physics-Ext (35F94A83-E258-406C-A318-09F59610247C): 41
LogDevObjectVersion:   Dev-PhysicsMaterial-Chaos (B68FC16E-8B1B-42E2-B453-215C058844FE): 1
LogDevObjectVersion:   Dev-CineCamera (B2E18506-4273-CFC2-A54E-F4BB758BBA07): 1
LogDevObjectVersion:   Dev-VirtualProduction (64F58936-FD1B-42BA-BA96-7289D5D0FA4E): 1
LogDevObjectVersion:   Dev-MediaFramework (6F0ED827-A609-4895-9C91-998D90180EA4): 2
LogInit: Presizing for max 25165824 objects, including 0 objects not considered by GC, pre-allocating 0 bytes for permanent pool.
LogConfig: Applying CVar settings from Section [/Script/Engine.StreamingSettings] File [C:/Users/davs2/OneDrive/Documents/Unreal Projects/UnrealLearningKit/Saved/Config/Windows/Engine.ini]
LogConfig: Setting CVar [[s.MinBulkDataSizeForAsyncLoading:131072]]
LogConfig: Setting CVar [[s.AsyncLoadingThreadEnabled:0]]
LogConfig: Setting CVar [[s.EventDrivenLoaderEnabled:1]]
LogConfig: Setting CVar [[s.WarnIfTimeLimitExceeded:0]]
LogConfig: Setting CVar [[s.TimeLimitExceededMultiplier:1.5]]
LogConfig: Setting CVar [[s.TimeLimitExceededMinTime:0.005]]
LogConfig: Setting CVar [[s.UseBackgroundLevelStreaming:1]]
LogConfig: Setting CVar [[s.PriorityAsyncLoadingExtraTime:15.0]]
LogConfig: Setting CVar [[s.LevelStreamingActorsUpdateTimeLimit:5.0]]
LogConfig: Setting CVar [[s.PriorityLevelStreamingActorsUpdateExtraTime:5.0]]
LogConfig: Setting CVar [[s.LevelStreamingComponentsRegistrationGranularity:10]]
LogConfig: Setting CVar [[s.UnregisterComponentsTimeLimit:1.0]]
LogConfig: Setting CVar [[s.LevelStreamingComponentsUnregistrationGranularity:5]]
LogConfig: Setting CVar [[s.FlushStreamingOnExit:1]]
LogInit: Object subsystem initialized
LogConfig: Setting CVar [[con.DebugEarlyDefault:1]]
LogConfig: Setting CVar [[r.setres:1280x720]]
[2022.10.14-21.47.09:617][  0]LogConfig: Setting CVar [[con.DebugEarlyDefault:1]]
[2022.10.14-21.47.09:617][  0]LogConfig: Setting CVar [[r.setres:1280x720]]
[2022.10.14-21.47.09:617][  0]LogConfig: Applying CVar settings from Section [/Script/Engine.RendererSettings] File [C:/Users/davs2/OneDrive/Documents/Unreal Projects/UnrealLearningKit/Saved/Config/Windows/Engine.ini]
[2022.10.14-21.47.09:617][  0]LogConfig: Setting CVar [[r.GPUCrashDebugging:0]]
[2022.10.14-21.47.09:617][  0]LogConfig: Setting CVar [[r.MobileMSAA:4]]
[2022.10.14-21.47.09:617][  0]LogConfig: Setting CVar [[r.Mobile.AmbientOcclusion:1]]
[2022.10.14-21.47.09:617][  0]LogConfig: Setting CVar [[r.GenerateMeshDistanceFields:1]]
[2022.10.14-21.47.09:617][  0]LogConfig: Setting CVar [[r.SSGI.Enable:1]]
[2022.10.14-21.47.09:617][  0]LogConfig: Setting CVar [[r.SupportAtmosphericFog:0]]
[2022.10.14-21.47.09:617][  0]LogConfig: Setting CVar [[r.SupportSkyAtmosphereAffectsHeightFog:1]]
[2022.10.14-21.47.09:617][  0]LogConfig: Setting CVar [[r.Mobile.DisableVertexFog:0]]
[2022.10.14-21.47.09:617][  0]LogConfig: Setting CVar [[r.SupportStationarySkylight:0]]
[2022.10.14-21.47.09:617][  0]LogConfig: Setting CVar [[r.SupportLowQualityLightmaps:0]]
[2022.10.14-21.47.09:617][  0]LogConfig: Applying CVar settings from Section [/Script/Engine.RendererOverrideSettings] File [C:/Users/davs2/OneDrive/Documents/Unreal Projects/UnrealLearningKit/Saved/Config/Windows/Engine.ini]
[2022.10.14-21.47.09:617][  0]LogConfig: Applying CVar settings from Section [/Script/Engine.StreamingSettings] File [C:/Users/davs2/OneDrive/Documents/Unreal Projects/UnrealLearningKit/Saved/Config/Windows/Engine.ini]
[2022.10.14-21.47.09:617][  0]LogConfig: Setting CVar [[s.MinBulkDataSizeForAsyncLoading:131072]]
[2022.10.14-21.47.09:617][  0]LogConfig: Setting CVar [[s.AsyncLoadingThreadEnabled:0]]
[2022.10.14-21.47.09:617][  0]LogConfig: Setting CVar [[s.EventDrivenLoaderEnabled:1]]
[2022.10.14-21.47.09:617][  0]LogConfig: Setting CVar [[s.WarnIfTimeLimitExceeded:0]]
[2022.10.14-21.47.09:617][  0]LogConfig: Setting CVar [[s.TimeLimitExceededMultiplier:1.5]]
[2022.10.14-21.47.09:617][  0]LogConfig: Setting CVar [[s.TimeLimitExceededMinTime:0.005]]
[2022.10.14-21.47.09:617][  0]LogConfig: Setting CVar [[s.UseBackgroundLevelStreaming:1]]
[2022.10.14-21.47.09:617][  0]LogConfig: Setting CVar [[s.PriorityAsyncLoadingExtraTime:15.0]]
[2022.10.14-21.47.09:617][  0]LogConfig: Setting CVar [[s.LevelStreamingActorsUpdateTimeLimit:5.0]]
[2022.10.14-21.47.09:618][  0]LogConfig: Setting CVar [[s.PriorityLevelStreamingActorsUpdateExtraTime:5.0]]
[2022.10.14-21.47.09:618][  0]LogConfig: Setting CVar [[s.LevelStreamingComponentsRegistrationGranularity:10]]
[2022.10.14-21.47.09:618][  0]LogConfig: Setting CVar [[s.UnregisterComponentsTimeLimit:1.0]]
[2022.10.14-21.47.09:618][  0]LogConfig: Setting CVar [[s.LevelStreamingComponentsUnregistrationGranularity:5]]
[2022.10.14-21.47.09:618][  0]LogConfig: Setting CVar [[s.FlushStreamingOnExit:1]]
[2022.10.14-21.47.09:618][  0]LogConfig: Applying CVar settings from Section [/Script/Engine.GarbageCollectionSettings] File [C:/Users/davs2/OneDrive/Documents/Unreal Projects/UnrealLearningKit/Saved/Config/Windows/Engine.ini]
[2022.10.14-21.47.09:618][  0]LogConfig: Setting CVar [[gc.MaxObjectsNotConsideredByGC:1]]
[2022.10.14-21.47.09:618][  0]LogConfig: Setting CVar [[gc.SizeOfPermanentObjectPool:0]]
[2022.10.14-21.47.09:618][  0]LogConfig: Setting CVar [[gc.FlushStreamingOnGC:0]]
[2022.10.14-21.47.09:618][  0]LogConfig: Setting CVar [[gc.NumRetriesBeforeForcingGC:10]]
[2022.10.14-21.47.09:618][  0]LogConfig: Setting CVar [[gc.AllowParallelGC:1]]
[2022.10.14-21.47.09:618][  0]LogConfig: Setting CVar [[gc.TimeBetweenPurgingPendingKillObjects:61.1]]
[2022.10.14-21.47.09:618][  0]LogConfig: Setting CVar [[gc.MaxObjectsInEditor:25165824]]
[2022.10.14-21.47.09:618][  0]LogConfig: Setting CVar [[gc.IncrementalBeginDestroyEnabled:1]]
[2022.10.14-21.47.09:618][  0]LogConfig: Setting CVar [[gc.CreateGCClusters:1]]
[2022.10.14-21.47.09:618][  0]LogConfig: Setting CVar [[gc.MinGCClusterSize:5]]
[2022.10.14-21.47.09:618][  0]LogConfig: Setting CVar [[gc.ActorClusteringEnabled:0]]
[2022.10.14-21.47.09:618][  0]LogConfig: Setting CVar [[gc.BlueprintClusteringEnabled:0]]
[2022.10.14-21.47.09:618][  0]LogConfig: Setting CVar [[gc.UseDisregardForGCOnDedicatedServers:0]]
[2022.10.14-21.47.09:618][  0]LogConfig: Setting CVar [[gc.MultithreadedDestructionEnabled:1]]
[2022.10.14-21.47.09:618][  0]LogConfig: Applying CVar settings from Section [/Script/Engine.NetworkSettings] File [C:/Users/davs2/OneDrive/Documents/Unreal Projects/UnrealLearningKit/Saved/Config/Windows/Engine.ini]
[2022.10.14-21.47.09:618][  0]LogConfig: Applying CVar settings from Section [/Script/UnrealEd.CookerSettings] File [C:/Users/davs2/OneDrive/Documents/Unreal Projects/UnrealLearningKit/Saved/Config/Windows/Engine.ini]
[2022.10.14-21.47.09:654][  0]LogConfig: Applying CVar settings from Section [ViewDistanceQuality@3] File [C:/Users/davs2/OneDrive/Documents/Unreal Projects/UnrealLearningKit/Saved/Config/Windows/Scalability.ini]
[2022.10.14-21.47.09:654][  0]LogConfig: Setting CVar [[r.SkeletalMeshLODBias:0]]
[2022.10.14-21.47.09:654][  0]LogConfig: Setting CVar [[r.ViewDistanceScale:1.0]]
[2022.10.14-21.47.09:654][  0]LogConfig: Applying CVar settings from Section [AntiAliasingQuality@3] File [C:/Users/davs2/OneDrive/Documents/Unreal Projects/UnrealLearningKit/Saved/Config/Windows/Scalability.ini]
[2022.10.14-21.47.09:654][  0]LogConfig: Setting CVar [[r.PostProcessAAQuality:4]]
[2022.10.14-21.47.09:654][  0]LogConfig: Applying CVar settings from Section [ShadowQuality@3] File [C:/Users/davs2/OneDrive/Documents/Unreal Projects/UnrealLearningKit/Saved/Config/Windows/Scalability.ini]
[2022.10.14-21.47.09:654][  0]LogConfig: Setting CVar [[r.LightFunctionQuality:1]]
[2022.10.14-21.47.09:654][  0]LogConfig: Setting CVar [[r.ShadowQuality:5]]
[2022.10.14-21.47.09:654][  0]LogConfig: Setting CVar [[r.Shadow.CSM.MaxCascades:10]]
[2022.10.14-21.47.09:654][  0]LogConfig: Setting CVar [[r.Shadow.MaxResolution:2048]]
[2022.10.14-21.47.09:654][  0]LogConfig: Setting CVar [[r.Shadow.MaxCSMResolution:2048]]
[2022.10.14-21.47.09:654][  0]LogConfig: Setting CVar [[r.Shadow.RadiusThreshold:0.01]]
[2022.10.14-21.47.09:654][  0]LogConfig: Setting CVar [[r.Shadow.DistanceScale:1.0]]
[2022.10.14-21.47.09:654][  0]LogConfig: Setting CVar [[r.Shadow.CSM.TransitionScale:1.0]]
[2022.10.14-21.47.09:654][  0]LogConfig: Setting CVar [[r.Shadow.PreShadowResolutionFactor:1.0]]
[2022.10.14-21.47.09:654][  0]LogConfig: Setting CVar [[r.DistanceFieldShadowing:1]]
[2022.10.14-21.47.09:654][  0]LogConfig: Setting CVar [[r.DistanceFieldAO:1]]
[2022.10.14-21.47.09:654][  0]LogConfig: Setting CVar [[r.AOQuality:2]]
[2022.10.14-21.47.09:654][  0]LogConfig: Setting CVar [[r.VolumetricFog:1]]
[2022.10.14-21.47.09:654][  0]LogConfig: Setting CVar [[r.VolumetricFog.GridPixelSize:8]]
[2022.10.14-21.47.09:654][  0]LogConfig: Setting CVar [[r.VolumetricFog.GridSizeZ:128]]
[2022.10.14-21.47.09:654][  0]LogConfig: Setting CVar [[r.VolumetricFog.HistoryMissSupersampleCount:4]]
[2022.10.14-21.47.09:654][  0]LogConfig: Setting CVar [[r.LightMaxDrawDistanceScale:1]]
[2022.10.14-21.47.09:654][  0]LogConfig: Setting CVar [[r.CapsuleShadows:1]]
[2022.10.14-21.47.09:654][  0]LogConfig: Applying CVar settings from Section [PostProcessQuality@3] File [C:/Users/davs2/OneDrive/Documents/Unreal Projects/UnrealLearningKit/Saved/Config/Windows/Scalability.ini]
[2022.10.14-21.47.09:654][  0]LogConfig: Setting CVar [[r.MotionBlurQuality:4]]
[2022.10.14-21.47.09:654][  0]LogConfig: Setting CVar [[r.AmbientOcclusionMipLevelFactor:0.4]]
[2022.10.14-21.47.09:654][  0]LogConfig: Setting CVar [[r.AmbientOcclusionMaxQuality:100]]
[2022.10.14-21.47.09:654][  0]LogConfig: Setting CVar [[r.AmbientOcclusionLevels:-1]]
[2022.10.14-21.47.09:654][  0]LogConfig: Setting CVar [[r.AmbientOcclusionRadiusScale:1.0]]
[2022.10.14-21.47.09:654][  0]LogConfig: Setting CVar [[r.DepthOfFieldQuality:2]]
[2022.10.14-21.47.09:654][  0]LogConfig: Setting CVar [[r.RenderTargetPoolMin:400]]
[2022.10.14-21.47.09:654][  0]LogConfig: Setting CVar [[r.LensFlareQuality:2]]
[2022.10.14-21.47.09:654][  0]LogConfig: Setting CVar [[r.SceneColorFringeQuality:1]]
[2022.10.14-21.47.09:654][  0]LogConfig: Setting CVar [[r.EyeAdaptationQuality:2]]
[2022.10.14-21.47.09:654][  0]LogConfig: Setting CVar [[r.BloomQuality:5]]
[2022.10.14-21.47.09:654][  0]LogConfig: Setting CVar [[r.FastBlurThreshold:100]]
[2022.10.14-21.47.09:654][  0]LogConfig: Setting CVar [[r.Upscale.Quality:3]]
[2022.10.14-21.47.09:654][  0]LogConfig: Setting CVar [[r.Tonemapper.GrainQuantization:1]]
[2022.10.14-21.47.09:654][  0]LogConfig: Setting CVar [[r.LightShaftQuality:1]]
[2022.10.14-21.47.09:654][  0]LogConfig: Setting CVar [[r.Filter.SizeScale:1]]
[2022.10.14-21.47.09:654][  0]LogConfig: Setting CVar [[r.Tonemapper.Quality:5]]
[2022.10.14-21.47.09:654][  0]LogConfig: Setting CVar [[r.DOF.Gather.AccumulatorQuality:1        ; higher gathering accumulator quality]]
[2022.10.14-21.47.09:654][  0]LogConfig: Setting CVar [[r.DOF.Gather.PostfilterMethod:1          ; Median3x3 postfilering method]]
[2022.10.14-21.47.09:654][  0]LogConfig: Setting CVar [[r.DOF.Gather.EnableBokehSettings:0       ; no bokeh simulation when gathering]]
[2022.10.14-21.47.09:654][  0]LogConfig: Setting CVar [[r.DOF.Gather.RingCount:4                 ; medium number of samples when gathering]]
[2022.10.14-21.47.09:654][  0]LogConfig: Setting CVar [[r.DOF.Scatter.ForegroundCompositing:1    ; additive foreground scattering]]
[2022.10.14-21.47.09:654][  0]LogConfig: Setting CVar [[r.DOF.Scatter.BackgroundCompositing:2    ; additive background scattering]]
[2022.10.14-21.47.09:654][  0]LogConfig: Setting CVar [[r.DOF.Scatter.EnableBokehSettings:1      ; bokeh simulation when scattering]]
[2022.10.14-21.47.09:654][  0]LogConfig: Setting CVar [[r.DOF.Scatter.MaxSpriteRatio:0.1         ; only a maximum of 10% of scattered bokeh]]
[2022.10.14-21.47.09:654][  0]LogConfig: Setting CVar [[r.DOF.Recombine.Quality:1                ; cheap slight out of focus]]
[2022.10.14-21.47.09:654][  0]LogConfig: Setting CVar [[r.DOF.Recombine.EnableBokehSettings:0    ; no bokeh simulation on slight out of focus]]
[2022.10.14-21.47.09:654][  0]LogConfig: Setting CVar [[r.DOF.TemporalAAQuality:1                ; more stable temporal accumulation]]
[2022.10.14-21.47.09:654][  0]LogConfig: Setting CVar [[r.DOF.Kernel.MaxForegroundRadius:0.025]]
[2022.10.14-21.47.09:654][  0]LogConfig: Setting CVar [[r.DOF.Kernel.MaxBackgroundRadius:0.025]]
[2022.10.14-21.47.09:654][  0]LogConfig: Applying CVar settings from Section [TextureQuality@3] File [C:/Users/davs2/OneDrive/Documents/Unreal Projects/UnrealLearningKit/Saved/Config/Windows/Scalability.ini]
[2022.10.14-21.47.09:654][  0]LogConfig: Setting CVar [[r.Streaming.MipBias:0]]
[2022.10.14-21.47.09:654][  0]LogConfig: Setting CVar [[r.Streaming.AmortizeCPUToGPUCopy:0]]
[2022.10.14-21.47.09:654][  0]LogConfig: Setting CVar [[r.Streaming.MaxNumTexturesToStreamPerFrame:0]]
[2022.10.14-21.47.09:654][  0]LogConfig: Setting CVar [[r.Streaming.Boost:1]]
[2022.10.14-21.47.09:654][  0]LogConfig: Setting CVar [[r.MaxAnisotropy:8]]
[2022.10.14-21.47.09:654][  0]LogConfig: Setting CVar [[r.VT.MaxAnisotropy:8]]
[2022.10.14-21.47.09:655][  0]LogConfig: Setting CVar [[r.Streaming.LimitPoolSizeToVRAM:0]]
[2022.10.14-21.47.09:655][  0]LogConfig: Setting CVar [[r.Streaming.PoolSize:1000]]
[2022.10.14-21.47.09:655][  0]LogConfig: Setting CVar [[r.Streaming.MaxEffectiveScreenSize:0]]
[2022.10.14-21.47.09:655][  0]LogConfig: Applying CVar settings from Section [EffectsQuality@3] File [C:/Users/davs2/OneDrive/Documents/Unreal Projects/UnrealLearningKit/Saved/Config/Windows/Scalability.ini]
[2022.10.14-21.47.09:655][  0]LogConfig: Setting CVar [[r.TranslucencyLightingVolumeDim:64]]
[2022.10.14-21.47.09:655][  0]LogConfig: Setting CVar [[r.RefractionQuality:2]]
[2022.10.14-21.47.09:655][  0]LogConfig: Setting CVar [[r.SSR.Quality:3]]
[2022.10.14-21.47.09:655][  0]LogConfig: Setting CVar [[r.SSR.HalfResSceneColor:0]]
[2022.10.14-21.47.09:655][  0]LogConfig: Setting CVar [[r.SceneColorFormat:4]]
[2022.10.14-21.47.09:655][  0]LogConfig: Setting CVar [[r.DetailMode:2]]
[2022.10.14-21.47.09:655][  0]LogConfig: Setting CVar [[r.TranslucencyVolumeBlur:1]]
[2022.10.14-21.47.09:655][  0]LogConfig: Setting CVar [[r.MaterialQualityLevel:1 ; High quality]]
[2022.10.14-21.47.09:655][  0]LogConfig: Setting CVar [[r.AnisotropicMaterials:1]]
[2022.10.14-21.47.09:655][  0]LogConfig: Setting CVar [[r.SSS.Scale:1]]
[2022.10.14-21.47.09:655][  0]LogConfig: Setting CVar [[r.SSS.SampleSet:2]]
[2022.10.14-21.47.09:655][  0]LogConfig: Setting CVar [[r.SSS.Quality:1]]
[2022.10.14-21.47.09:655][  0]LogConfig: Setting CVar [[r.SSS.HalfRes:0]]
[2022.10.14-21.47.09:655][  0]LogConfig: Setting CVar [[r.SSGI.Quality:3]]
[2022.10.14-21.47.09:655][  0]LogConfig: Setting CVar [[r.EmitterSpawnRateScale:1.0]]
[2022.10.14-21.47.09:655][  0]LogConfig: Setting CVar [[r.ParticleLightQuality:2]]
[2022.10.14-21.47.09:655][  0]LogConfig: Setting CVar [[r.SkyAtmosphere.AerialPerspectiveLUT.FastApplyOnOpaque:1 ; Always have FastSkyLUT 1 in this case to avoid wrong sky]]
[2022.10.14-21.47.09:655][  0]LogConfig: Setting CVar [[r.SkyAtmosphere.AerialPerspectiveLUT.SampleCountMaxPerSlice:4]]
[2022.10.14-21.47.09:655][  0]LogConfig: Setting CVar [[r.SkyAtmosphere.AerialPerspectiveLUT.DepthResolution:16.0]]
[2022.10.14-21.47.09:655][  0]LogConfig: Setting CVar [[r.SkyAtmosphere.FastSkyLUT:1]]
[2022.10.14-21.47.09:655][  0]LogConfig: Setting CVar [[r.SkyAtmosphere.FastSkyLUT.SampleCountMin:4.0]]
[2022.10.14-21.47.09:655][  0]LogConfig: Setting CVar [[r.SkyAtmosphere.FastSkyLUT.SampleCountMax:128.0]]
[2022.10.14-21.47.09:655][  0]LogConfig: Setting CVar [[r.SkyAtmosphere.SampleCountMin:4.0]]
[2022.10.14-21.47.09:655][  0]LogConfig: Setting CVar [[r.SkyAtmosphere.SampleCountMax:128.0]]
[2022.10.14-21.47.09:655][  0]LogConfig: Setting CVar [[r.SkyAtmosphere.TransmittanceLUT.UseSmallFormat:0]]
[2022.10.14-21.47.09:655][  0]LogConfig: Setting CVar [[r.SkyAtmosphere.TransmittanceLUT.SampleCount:10.0]]
[2022.10.14-21.47.09:655][  0]LogConfig: Setting CVar [[r.SkyAtmosphere.MultiScatteringLUT.SampleCount:15.0]]
[2022.10.14-21.47.09:655][  0]LogConfig: Setting CVar [[r.SkyLight.RealTimeReflectionCapture:1]]
[2022.10.14-21.47.09:655][  0]LogConfig: Applying CVar settings from Section [FoliageQuality@3] File [C:/Users/davs2/OneDrive/Documents/Unreal Projects/UnrealLearningKit/Saved/Config/Windows/Scalability.ini]
[2022.10.14-21.47.09:655][  0]LogConfig: Setting CVar [[foliage.DensityScale:1.0]]
[2022.10.14-21.47.09:655][  0]LogConfig: Setting CVar [[grass.DensityScale:1.0]]
[2022.10.14-21.47.09:655][  0]LogConfig: Applying CVar settings from Section [ShadingQuality@3] File [C:/Users/davs2/OneDrive/Documents/Unreal Projects/UnrealLearningKit/Saved/Config/Windows/Scalability.ini]
[2022.10.14-21.47.09:655][  0]LogConfig: Setting CVar [[r.HairStrands.SkyLighting.IntegrationType:2]]
[2022.10.14-21.47.09:655][  0]LogConfig: Setting CVar [[r.HairStrands.SkyAO.SampleCount:4]]
[2022.10.14-21.47.09:655][  0]LogConfig: Setting CVar [[r.HairStrands.Visibility.MSAA.SamplePerPixel:4]]
[2022.10.14-21.47.09:655][  0]LogInit: Selected Device Profile: [Windows]
[2022.10.14-21.47.09:655][  0]LogInit: Applying CVar settings loaded from the selected device profile: [Windows]
[2022.10.14-21.47.09:655][  0]LogHAL: Display: Platform has ~ 16 GB [17022177280 / 17179869184 / 16], which maps to Larger [LargestMinGB=32, LargerMinGB=12, DefaultMinGB=8, SmallerMinGB=6, SmallestMinGB=0)
[2022.10.14-21.47.09:655][  0]LogInit: Going up to parent DeviceProfile []
[2022.10.14-21.47.09:655][  0]LogConfig: Applying CVar settings from Section [ViewDistanceQuality@3] File [C:/Users/davs2/OneDrive/Documents/Unreal Projects/UnrealLearningKit/Saved/Config/Windows/Scalability.ini]
[2022.10.14-21.47.09:655][  0]LogConfig: Setting CVar [[r.SkeletalMeshLODBias:0]]
[2022.10.14-21.47.09:655][  0]LogConfig: Setting CVar [[r.ViewDistanceScale:1.0]]
[2022.10.14-21.47.09:655][  0]LogConfig: Applying CVar settings from Section [AntiAliasingQuality@3] File [C:/Users/davs2/OneDrive/Documents/Unreal Projects/UnrealLearningKit/Saved/Config/Windows/Scalability.ini]
[2022.10.14-21.47.09:655][  0]LogConfig: Setting CVar [[r.PostProcessAAQuality:4]]
[2022.10.14-21.47.09:655][  0]LogConfig: Applying CVar settings from Section [ShadowQuality@3] File [C:/Users/davs2/OneDrive/Documents/Unreal Projects/UnrealLearningKit/Saved/Config/Windows/Scalability.ini]
[2022.10.14-21.47.09:655][  0]LogConfig: Setting CVar [[r.LightFunctionQuality:1]]
[2022.10.14-21.47.09:655][  0]LogConfig: Setting CVar [[r.ShadowQuality:5]]
[2022.10.14-21.47.09:655][  0]LogConfig: Setting CVar [[r.Shadow.CSM.MaxCascades:10]]
[2022.10.14-21.47.09:655][  0]LogConfig: Setting CVar [[r.Shadow.MaxResolution:2048]]
[2022.10.14-21.47.09:655][  0]LogConfig: Setting CVar [[r.Shadow.MaxCSMResolution:2048]]
[2022.10.14-21.47.09:655][  0]LogConfig: Setting CVar [[r.Shadow.RadiusThreshold:0.01]]
[2022.10.14-21.47.09:655][  0]LogConfig: Setting CVar [[r.Shadow.DistanceScale:1.0]]
[2022.10.14-21.47.09:655][  0]LogConfig: Setting CVar [[r.Shadow.CSM.TransitionScale:1.0]]
[2022.10.14-21.47.09:655][  0]LogConfig: Setting CVar [[r.Shadow.PreShadowResolutionFactor:1.0]]
[2022.10.14-21.47.09:655][  0]LogConfig: Setting CVar [[r.DistanceFieldShadowing:1]]
[2022.10.14-21.47.09:655][  0]LogConfig: Setting CVar [[r.DistanceFieldAO:1]]
[2022.10.14-21.47.09:655][  0]LogConfig: Setting CVar [[r.AOQuality:2]]
[2022.10.14-21.47.09:655][  0]LogConfig: Setting CVar [[r.VolumetricFog:1]]
[2022.10.14-21.47.09:655][  0]LogConfig: Setting CVar [[r.VolumetricFog.GridPixelSize:8]]
[2022.10.14-21.47.09:655][  0]LogConfig: Setting CVar [[r.VolumetricFog.GridSizeZ:128]]
[2022.10.14-21.47.09:656][  0]LogConfig: Setting CVar [[r.VolumetricFog.HistoryMissSupersampleCount:4]]
[2022.10.14-21.47.09:656][  0]LogConfig: Setting CVar [[r.LightMaxDrawDistanceScale:1]]
[2022.10.14-21.47.09:656][  0]LogConfig: Setting CVar [[r.CapsuleShadows:1]]
[2022.10.14-21.47.09:656][  0]LogConfig: Applying CVar settings from Section [PostProcessQuality@3] File [C:/Users/davs2/OneDrive/Documents/Unreal Projects/UnrealLearningKit/Saved/Config/Windows/Scalability.ini]
[2022.10.14-21.47.09:656][  0]LogConfig: Setting CVar [[r.MotionBlurQuality:4]]
[2022.10.14-21.47.09:656][  0]LogConfig: Setting CVar [[r.AmbientOcclusionMipLevelFactor:0.4]]
[2022.10.14-21.47.09:656][  0]LogConfig: Setting CVar [[r.AmbientOcclusionMaxQuality:100]]
[2022.10.14-21.47.09:656][  0]LogConfig: Setting CVar [[r.AmbientOcclusionLevels:-1]]
[2022.10.14-21.47.09:656][  0]LogConfig: Setting CVar [[r.AmbientOcclusionRadiusScale:1.0]]
[2022.10.14-21.47.09:656][  0]LogConfig: Setting CVar [[r.DepthOfFieldQuality:2]]
[2022.10.14-21.47.09:656][  0]LogConfig: Setting CVar [[r.RenderTargetPoolMin:400]]
[2022.10.14-21.47.09:656][  0]LogConfig: Setting CVar [[r.LensFlareQuality:2]]
[2022.10.14-21.47.09:656][  0]LogConfig: Setting CVar [[r.SceneColorFringeQuality:1]]
[2022.10.14-21.47.09:656][  0]LogConfig: Setting CVar [[r.EyeAdaptationQuality:2]]
[2022.10.14-21.47.09:656][  0]LogConfig: Setting CVar [[r.BloomQuality:5]]
[2022.10.14-21.47.09:656][  0]LogConfig: Setting CVar [[r.FastBlurThreshold:100]]
[2022.10.14-21.47.09:656][  0]LogConfig: Setting CVar [[r.Upscale.Quality:3]]
[2022.10.14-21.47.09:656][  0]LogConfig: Setting CVar [[r.Tonemapper.GrainQuantization:1]]
[2022.10.14-21.47.09:656][  0]LogConfig: Setting CVar [[r.LightShaftQuality:1]]
[2022.10.14-21.47.09:656][  0]LogConfig: Setting CVar [[r.Filter.SizeScale:1]]
[2022.10.14-21.47.09:656][  0]LogConfig: Setting CVar [[r.Tonemapper.Quality:5]]
[2022.10.14-21.47.09:656][  0]LogConfig: Setting CVar [[r.DOF.Gather.AccumulatorQuality:1        ; higher gathering accumulator quality]]
[2022.10.14-21.47.09:656][  0]LogConfig: Setting CVar [[r.DOF.Gather.PostfilterMethod:1          ; Median3x3 postfilering method]]
[2022.10.14-21.47.09:656][  0]LogConfig: Setting CVar [[r.DOF.Gather.EnableBokehSettings:0       ; no bokeh simulation when gathering]]
[2022.10.14-21.47.09:656][  0]LogConfig: Setting CVar [[r.DOF.Gather.RingCount:4                 ; medium number of samples when gathering]]
[2022.10.14-21.47.09:656][  0]LogConfig: Setting CVar [[r.DOF.Scatter.ForegroundCompositing:1    ; additive foreground scattering]]
[2022.10.14-21.47.09:656][  0]LogConfig: Setting CVar [[r.DOF.Scatter.BackgroundCompositing:2    ; additive background scattering]]
[2022.10.14-21.47.09:656][  0]LogConfig: Setting CVar [[r.DOF.Scatter.EnableBokehSettings:1      ; bokeh simulation when scattering]]
[2022.10.14-21.47.09:656][  0]LogConfig: Setting CVar [[r.DOF.Scatter.MaxSpriteRatio:0.1         ; only a maximum of 10% of scattered bokeh]]
[2022.10.14-21.47.09:656][  0]LogConfig: Setting CVar [[r.DOF.Recombine.Quality:1                ; cheap slight out of focus]]
[2022.10.14-21.47.09:656][  0]LogConfig: Setting CVar [[r.DOF.Recombine.EnableBokehSettings:0    ; no bokeh simulation on slight out of focus]]
[2022.10.14-21.47.09:656][  0]LogConfig: Setting CVar [[r.DOF.TemporalAAQuality:1                ; more stable temporal accumulation]]
[2022.10.14-21.47.09:656][  0]LogConfig: Setting CVar [[r.DOF.Kernel.MaxForegroundRadius:0.025]]
[2022.10.14-21.47.09:656][  0]LogConfig: Setting CVar [[r.DOF.Kernel.MaxBackgroundRadius:0.025]]
[2022.10.14-21.47.09:656][  0]LogConfig: Applying CVar settings from Section [TextureQuality@3] File [C:/Users/davs2/OneDrive/Documents/Unreal Projects/UnrealLearningKit/Saved/Config/Windows/Scalability.ini]
[2022.10.14-21.47.09:656][  0]LogConfig: Setting CVar [[r.Streaming.MipBias:0]]
[2022.10.14-21.47.09:656][  0]LogConfig: Setting CVar [[r.Streaming.AmortizeCPUToGPUCopy:0]]
[2022.10.14-21.47.09:656][  0]LogConfig: Setting CVar [[r.Streaming.MaxNumTexturesToStreamPerFrame:0]]
[2022.10.14-21.47.09:656][  0]LogConfig: Setting CVar [[r.Streaming.Boost:1]]
[2022.10.14-21.47.09:656][  0]LogConfig: Setting CVar [[r.MaxAnisotropy:8]]
[2022.10.14-21.47.09:656][  0]LogConfig: Setting CVar [[r.VT.MaxAnisotropy:8]]
[2022.10.14-21.47.09:656][  0]LogConfig: Setting CVar [[r.Streaming.LimitPoolSizeToVRAM:0]]
[2022.10.14-21.47.09:656][  0]LogConfig: Setting CVar [[r.Streaming.PoolSize:1000]]
[2022.10.14-21.47.09:656][  0]LogConfig: Setting CVar [[r.Streaming.MaxEffectiveScreenSize:0]]
[2022.10.14-21.47.09:656][  0]LogConfig: Applying CVar settings from Section [EffectsQuality@3] File [C:/Users/davs2/OneDrive/Documents/Unreal Projects/UnrealLearningKit/Saved/Config/Windows/Scalability.ini]
[2022.10.14-21.47.09:656][  0]LogConfig: Setting CVar [[r.TranslucencyLightingVolumeDim:64]]
[2022.10.14-21.47.09:656][  0]LogConfig: Setting CVar [[r.RefractionQuality:2]]
[2022.10.14-21.47.09:656][  0]LogConfig: Setting CVar [[r.SSR.Quality:3]]
[2022.10.14-21.47.09:656][  0]LogConfig: Setting CVar [[r.SSR.HalfResSceneColor:0]]
[2022.10.14-21.47.09:656][  0]LogConfig: Setting CVar [[r.SceneColorFormat:4]]
[2022.10.14-21.47.09:656][  0]LogConfig: Setting CVar [[r.DetailMode:2]]
[2022.10.14-21.47.09:656][  0]LogConfig: Setting CVar [[r.TranslucencyVolumeBlur:1]]
[2022.10.14-21.47.09:656][  0]LogConfig: Setting CVar [[r.MaterialQualityLevel:1 ; High quality]]
[2022.10.14-21.47.09:656][  0]LogConfig: Setting CVar [[r.AnisotropicMaterials:1]]
[2022.10.14-21.47.09:656][  0]LogConfig: Setting CVar [[r.SSS.Scale:1]]
[2022.10.14-21.47.09:656][  0]LogConfig: Setting CVar [[r.SSS.SampleSet:2]]
[2022.10.14-21.47.09:656][  0]LogConfig: Setting CVar [[r.SSS.Quality:1]]
[2022.10.14-21.47.09:656][  0]LogConfig: Setting CVar [[r.SSS.HalfRes:0]]
[2022.10.14-21.47.09:656][  0]LogConfig: Setting CVar [[r.SSGI.Quality:3]]
[2022.10.14-21.47.09:656][  0]LogConfig: Setting CVar [[r.EmitterSpawnRateScale:1.0]]
[2022.10.14-21.47.09:656][  0]LogConfig: Setting CVar [[r.ParticleLightQuality:2]]
[2022.10.14-21.47.09:656][  0]LogConfig: Setting CVar [[r.SkyAtmosphere.AerialPerspectiveLUT.FastApplyOnOpaque:1 ; Always have FastSkyLUT 1 in this case to avoid wrong sky]]
[2022.10.14-21.47.09:656][  0]LogConfig: Setting CVar [[r.SkyAtmosphere.AerialPerspectiveLUT.SampleCountMaxPerSlice:4]]
[2022.10.14-21.47.09:656][  0]LogConfig: Setting CVar [[r.SkyAtmosphere.AerialPerspectiveLUT.DepthResolution:16.0]]
[2022.10.14-21.47.09:656][  0]LogConfig: Setting CVar [[r.SkyAtmosphere.FastSkyLUT:1]]
[2022.10.14-21.47.09:656][  0]LogConfig: Setting CVar [[r.SkyAtmosphere.FastSkyLUT.SampleCountMin:4.0]]
[2022.10.14-21.47.09:656][  0]LogConfig: Setting CVar [[r.SkyAtmosphere.FastSkyLUT.SampleCountMax:128.0]]
[2022.10.14-21.47.09:656][  0]LogConfig: Setting CVar [[r.SkyAtmosphere.SampleCountMin:4.0]]
[2022.10.14-21.47.09:656][  0]LogConfig: Setting CVar [[r.SkyAtmosphere.SampleCountMax:128.0]]
[2022.10.14-21.47.09:656][  0]LogConfig: Setting CVar [[r.SkyAtmosphere.TransmittanceLUT.UseSmallFormat:0]]
[2022.10.14-21.47.09:656][  0]LogConfig: Setting CVar [[r.SkyAtmosphere.TransmittanceLUT.SampleCount:10.0]]
[2022.10.14-21.47.09:656][  0]LogConfig: Setting CVar [[r.SkyAtmosphere.MultiScatteringLUT.SampleCount:15.0]]
[2022.10.14-21.47.09:657][  0]LogConfig: Setting CVar [[r.SkyLight.RealTimeReflectionCapture:1]]
[2022.10.14-21.47.09:657][  0]LogConfig: Applying CVar settings from Section [FoliageQuality@3] File [C:/Users/davs2/OneDrive/Documents/Unreal Projects/UnrealLearningKit/Saved/Config/Windows/Scalability.ini]
[2022.10.14-21.47.09:657][  0]LogConfig: Setting CVar [[foliage.DensityScale:1.0]]
[2022.10.14-21.47.09:657][  0]LogConfig: Setting CVar [[grass.DensityScale:1.0]]
[2022.10.14-21.47.09:657][  0]LogConfig: Applying CVar settings from Section [ShadingQuality@3] File [C:/Users/davs2/OneDrive/Documents/Unreal Projects/UnrealLearningKit/Saved/Config/Windows/Scalability.ini]
[2022.10.14-21.47.09:657][  0]LogConfig: Setting CVar [[r.HairStrands.SkyLighting.IntegrationType:2]]
[2022.10.14-21.47.09:657][  0]LogConfig: Setting CVar [[r.HairStrands.SkyAO.SampleCount:4]]
[2022.10.14-21.47.09:657][  0]LogConfig: Setting CVar [[r.HairStrands.Visibility.MSAA.SamplePerPixel:4]]
[2022.10.14-21.47.09:657][  0]LogConfig: Applying CVar settings from Section [Startup] File [../../../Engine/Config/ConsoleVariables.ini]
[2022.10.14-21.47.09:657][  0]LogConfig: Setting CVar [[net.UseAdaptiveNetUpdateFrequency:0]]
[2022.10.14-21.47.09:657][  0]LogConfig: Setting CVar [[p.chaos.AllowCreatePhysxBodies:1]]
[2022.10.14-21.47.09:657][  0]LogConfig: Setting CVar [[fx.SkipVectorVMBackendOptimizations:1]]
[2022.10.14-21.47.09:657][  0]LogConfig: Applying CVar settings from Section [ConsoleVariables] File [C:/Users/davs2/OneDrive/Documents/Unreal Projects/UnrealLearningKit/Saved/Config/Windows/Engine.ini]
[2022.10.14-21.47.09:657][  0]LogConfig: Applying CVar settings from Section [ConsoleVariables] File [C:/Users/davs2/OneDrive/Documents/Unreal Projects/UnrealLearningKit/Saved/Config/Windows/Editor.ini]
[2022.10.14-21.47.09:657][  0]LogInit: Computer: DAVIDLAPTOP
[2022.10.14-21.47.09:657][  0]LogInit: User: davs2
[2022.10.14-21.47.09:657][  0]LogInit: CPU Page size=4096, Cores=6
[2022.10.14-21.47.09:657][  0]LogInit: High frequency timer resolution =10.000000 MHz
[2022.10.14-21.47.09:657][  0]LogMemory: Memory total: Physical=15.9GB (16GB approx)
[2022.10.14-21.47.09:657][  0]LogMemory: Platform Memory Stats for Windows
[2022.10.14-21.47.09:657][  0]LogMemory: Process Physical Memory: 152.95 MB used, 155.39 MB peak
[2022.10.14-21.47.09:657][  0]LogMemory: Process Virtual Memory: 126.26 MB used, 126.26 MB peak
[2022.10.14-21.47.09:657][  0]LogMemory: Physical Memory: 10403.26 MB used,  5830.36 MB free, 16233.61 MB total
[2022.10.14-21.47.09:657][  0]LogMemory: Virtual Memory: 134209152.00 MB used,  8576.49 MB free, 134217728.00 MB total
[2022.10.14-21.47.09:724][  0]LogWindows: WindowsPlatformFeatures enabled
[2022.10.14-21.47.09:787][  0]LogInit: Physics initialised using underlying interface: PhysX
[2022.10.14-21.47.09:787][  0]LogInit: Using OS detected language (en-US).
[2022.10.14-21.47.09:787][  0]LogInit: Using OS detected locale (en-US).
[2022.10.14-21.47.09:797][  0]LogTextLocalizationManager: No specific localization for 'en-US' exists, so the 'en' localization will be used.
[2022.10.14-21.47.10:061][  0]LogWindowsTextInputMethodSystem: Display: IME system deactivated.
[2022.10.14-21.47.10:130][  0]LogSlate: New Slate User Created.  User Index 0, Is Virtual User: 0
[2022.10.14-21.47.10:130][  0]LogSlate: Slate User Registered.  User Index 0, Is Virtual User: 0
[2022.10.14-21.47.10:174][  0]LogD3D11RHI: Loaded GFSDK_Aftermath_Lib.x64.dll
[2022.10.14-21.47.10:347][  0]LogHMD: Failed to initialize OpenVR with code 126
[2022.10.14-21.47.10:347][  0]LogD3D11RHI: D3D11 min allowed feature level: 11_0
[2022.10.14-21.47.10:347][  0]LogD3D11RHI: D3D11 max allowed feature level: 11_0
[2022.10.14-21.47.10:347][  0]LogD3D11RHI: D3D11 adapters:
[2022.10.14-21.47.10:454][  0]LogD3D11RHI:    0. 'NVIDIA GeForce GTX 1660 Ti' (Feature Level 11_0)
[2022.10.14-21.47.10:454][  0]LogD3D11RHI:       5991/0/8116 MB DedicatedVideo/DedicatedSystem/SharedSystem, Outputs:3, VendorId:0x10de
[2022.10.14-21.47.10:474][  0]LogD3D11RHI:    1. 'Intel(R) UHD Graphics 630' (Feature Level 11_0)
[2022.10.14-21.47.10:474][  0]LogD3D11RHI:       128/0/8116 MB DedicatedVideo/DedicatedSystem/SharedSystem, Outputs:0, VendorId:0x8086
[2022.10.14-21.47.10:477][  0]LogD3D11RHI:    2. 'Microsoft Basic Render Driver' (Feature Level 11_0)
[2022.10.14-21.47.10:477][  0]LogD3D11RHI:       0/0/8116 MB DedicatedVideo/DedicatedSystem/SharedSystem, Outputs:0, VendorId:0x1414
[2022.10.14-21.47.10:477][  0]LogD3D11RHI: Chosen D3D11 Adapter:
[2022.10.14-21.47.10:477][  0]LogD3D11RHI:     Description : NVIDIA GeForce GTX 1660 Ti
[2022.10.14-21.47.10:477][  0]LogD3D11RHI:     VendorId    : 10de
[2022.10.14-21.47.10:477][  0]LogD3D11RHI:     DeviceId    : 2191
[2022.10.14-21.47.10:477][  0]LogD3D11RHI:     SubSysId    : 110f1043
[2022.10.14-21.47.10:477][  0]LogD3D11RHI:     Revision    : 00a1
[2022.10.14-21.47.10:477][  0]LogD3D11RHI:     DedicatedVideoMemory : 6282018816 bytes
[2022.10.14-21.47.10:477][  0]LogD3D11RHI:     DedicatedSystemMemory : 0 bytes
[2022.10.14-21.47.10:477][  0]LogD3D11RHI:     SharedSystemMemory : 8511088640 bytes
[2022.10.14-21.47.10:477][  0]LogD3D11RHI:     AdapterLuid : 0 67659
[2022.10.14-21.47.10:486][  0]LogD3D11RHI: Creating new Direct3DDevice
[2022.10.14-21.47.10:486][  0]LogD3D11RHI:     GPU DeviceId: 0x2191 (for the marketing name, search the web for "GPU Device Id")
[2022.10.14-21.47.10:486][  0]LogWindows: EnumDisplayDevices:
[2022.10.14-21.47.10:486][  0]LogWindows:    0. 'Intel(R) UHD Graphics 630' (P:1 D:1)
[2022.10.14-21.47.10:487][  0]LogWindows:    1. 'Intel(R) UHD Graphics 630' (P:0 D:0)
[2022.10.14-21.47.10:487][  0]LogWindows:    2. 'Intel(R) UHD Graphics 630' (P:0 D:0)
[2022.10.14-21.47.10:487][  0]LogWindows:    3. 'NVIDIA GeForce GTX 1660 Ti' (P:0 D:1)
[2022.10.14-21.47.10:488][  0]LogWindows:    4. 'NVIDIA GeForce GTX 1660 Ti' (P:0 D:1)
[2022.10.14-21.47.10:488][  0]LogWindows:    5. 'NVIDIA GeForce GTX 1660 Ti' (P:0 D:0)
[2022.10.14-21.47.10:488][  0]LogWindows:    6. 'NVIDIA GeForce GTX 1660 Ti' (P:0 D:0)
[2022.10.14-21.47.10:488][  0]LogWindows: DebugString: PrimaryIsNotTheChoosenAdapter PrimaryIsNotTheChoosenAdapter PrimaryIsNotTheChoosenAdapter FoundDriverCount:4 
[2022.10.14-21.47.10:488][  0]LogD3D11RHI:     Adapter Name: NVIDIA GeForce GTX 1660 Ti
[2022.10.14-21.47.10:489][  0]LogD3D11RHI:   Driver Version: 516.94 (internal:31.0.15.1694, unified:516.94)
[2022.10.14-21.47.10:489][  0]LogD3D11RHI:      Driver Date: 7-21-2022
[2022.10.14-21.47.10:489][  0]LogRHI: Texture pool is 4193 MB (70% of 5991 MB)
[2022.10.14-21.47.10:489][  0]LogD3D11RHI: Creating D3DDevice using adapter:
[2022.10.14-21.47.10:489][  0]LogD3D11RHI:     Description : NVIDIA GeForce GTX 1660 Ti
[2022.10.14-21.47.10:489][  0]LogD3D11RHI:     VendorId    : 10de
[2022.10.14-21.47.10:489][  0]LogD3D11RHI:     DeviceId    : 2191
[2022.10.14-21.47.10:489][  0]LogD3D11RHI:     SubSysId    : 110f1043
[2022.10.14-21.47.10:489][  0]LogD3D11RHI:     Revision    : 00a1
[2022.10.14-21.47.10:489][  0]LogD3D11RHI:     DedicatedVideoMemory : 6282018816 bytes
[2022.10.14-21.47.10:489][  0]LogD3D11RHI:     DedicatedSystemMemory : 0 bytes
[2022.10.14-21.47.10:489][  0]LogD3D11RHI:     SharedSystemMemory : 8511088640 bytes
[2022.10.14-21.47.10:489][  0]LogD3D11RHI:     AdapterLuid : 0 67659
[2022.10.14-21.47.10:549][  0]LogD3D11RHI: RHI has support for 64 bit atomics
[2022.10.14-21.47.10:549][  0]LogD3D11RHI: Async texture creation enabled
[2022.10.14-21.47.10:549][  0]LogD3D11RHI: Array index from any shader is supported
[2022.10.14-21.47.10:577][  0]LogD3D11RHI: GPU Timing Frequency: 1000.000000 (Debug: 2 1)
[2022.10.14-21.47.10:617][  0]LogRHI: GeForceNow SDK initialized: 1
[2022.10.14-21.47.10:992][  0]LogTargetPlatformManager: Display: Loaded TargetPlatform 'WindowsNoEditor'
[2022.10.14-21.47.10:998][  0]LogTargetPlatformManager: Display: Loaded TargetPlatform 'Windows'
[2022.10.14-21.47.11:003][  0]LogTargetPlatformManager: Display: Loaded TargetPlatform 'WindowsClient'
[2022.10.14-21.47.11:008][  0]LogTargetPlatformManager: Display: Loaded TargetPlatform 'WindowsServer'
[2022.10.14-21.47.11:008][  0]LogTargetPlatformManager: Display: Building Assets For Windows
[2022.10.14-21.47.11:017][  0]LogAudioDebug: Display: Lib vorbis DLL was dynamically loaded.
[2022.10.14-21.47.11:059][  0]LogTextureFormatOodle: Display: Oodle Texture 2.9.0 init RDO Off
[2022.10.14-21.47.11:102][  0]LogRendererCore: Ray tracing is disabled. Reason: r.RayTracing=0.
[2022.10.14-21.47.11:102][  0]LogShaderCompilers: Guid format shader working directory is -37 characters bigger than the processId version (../../../../../../Users/davs2/OneDrive/Documents/Unreal Projects/UnrealLearningKit/Intermediate/Shaders/WorkingDirectory/17992/).
[2022.10.14-21.47.11:102][  0]LogShaderCompilers: Cleaned the shader compiler working directory 'C:/Users/davs2/AppData/Local/Temp/UnrealShaderWorkingDir/269DB4014B8D261B25434A9C2D281D33/'.
[2022.10.14-21.47.11:103][  0]LogXGEController: Cannot use XGE Controller as Incredibuild is not installed on this machine.
[2022.10.14-21.47.11:103][  0]LogShaderCompilers: Cannot use XGE Shader Compiler as Incredibuild is not installed on this machine.
[2022.10.14-21.47.11:103][  0]LogShaderCompilers: Display: Using Local Shader Compiler.
[2022.10.14-21.47.12:021][  0]LogDerivedDataCache: Display: Max Cache Size: 512 MB
[2022.10.14-21.47.12:106][  0]LogDerivedDataCache: Loaded boot cache 0.08s 115MB C:/Users/davs2/AppData/Local/UnrealEngine/4.27/DerivedDataCache/Boot.ddc.
[2022.10.14-21.47.12:106][  0]LogDerivedDataCache: Display: Loaded Boot cache: C:/Users/davs2/AppData/Local/UnrealEngine/4.27/DerivedDataCache/Boot.ddc
[2022.10.14-21.47.12:106][  0]LogDerivedDataCache: FDerivedDataBackendGraph:  Pak pak cache file ../../../../../../Users/davs2/OneDrive/Documents/Unreal Projects/UnrealLearningKit/DerivedDataCache/DDC.ddp not found, will not use a pak cache.
[2022.10.14-21.47.12:106][  0]LogDerivedDataCache: Unable to find inner node Pak for hierarchical cache Hierarchy.
[2022.10.14-21.47.12:106][  0]LogDerivedDataCache: FDerivedDataBackendGraph:  CompressedPak pak cache file ../../../../../../Users/davs2/OneDrive/Documents/Unreal Projects/UnrealLearningKit/DerivedDataCache/Compressed.ddp not found, will not use a pak cache.
[2022.10.14-21.47.12:106][  0]LogDerivedDataCache: Unable to find inner node CompressedPak for hierarchical cache Hierarchy.
[2022.10.14-21.47.12:126][  0]LogDerivedDataCache: Display: Pak cache opened for reading ../../../Engine/DerivedDataCache/Compressed.ddp.
[2022.10.14-21.47.12:126][  0]LogDerivedDataCache: FDerivedDataBackendGraph:  EnterprisePak pak cache file ../../../Enterprise/DerivedDataCache/Compressed.ddp not found, will not use a pak cache.
[2022.10.14-21.47.12:126][  0]LogDerivedDataCache: Unable to find inner node EnterprisePak for hierarchical cache Hierarchy.
[2022.10.14-21.47.12:155][  0]LogDerivedDataCache: Speed tests for C:/Users/davs2/AppData/Local/UnrealEngine/Common/DerivedDataCache took 0.03 seconds
[2022.10.14-21.47.12:155][  0]LogDerivedDataCache: Display: Performance to C:/Users/davs2/AppData/Local/UnrealEngine/Common/DerivedDataCache: Latency=0.05ms. RandomReadSpeed=587.59MBs, RandomWriteSpeed=35.65MBs. Assigned SpeedClass 'Local'
[2022.10.14-21.47.12:155][  0]LogDerivedDataCache: Using Local data cache path C:/Users/davs2/AppData/Local/UnrealEngine/Common/DerivedDataCache: Writable
[2022.10.14-21.47.12:156][  0]LogDerivedDataCache: Shared data cache path not found in *engine.ini, will not use an Shared cache.
[2022.10.14-21.47.12:156][  0]LogDerivedDataCache: Unable to find inner node Shared for hierarchical cache Hierarchy.
[2022.10.14-21.47.12:194][  0]LogSlate: Using FreeType 2.10.0
[2022.10.14-21.47.12:195][  0]LogSlate: SlateFontServices - WITH_FREETYPE: 1, WITH_HARFBUZZ: 1
[2022.10.14-21.47.12:315][  0]LogInit: Using OS detected language (en-US).
[2022.10.14-21.47.12:315][  0]LogInit: Using OS detected locale (en-US).
[2022.10.14-21.47.12:315][  0]LogTextLocalizationManager: No localization for 'en-US' exists, so 'en' will be used for the language.
[2022.10.14-21.47.12:315][  0]LogTextLocalizationManager: No localization for 'en-US' exists, so 'en' will be used for the locale.
[2022.10.14-21.47.12:315][  0]LogSlate: FontCache flush requested. Reason: Culture for localization was changed
[2022.10.14-21.47.12:315][  0]LogSlate: FontCache flush requested. Reason: Culture for localization was changed
[2022.10.14-21.47.12:320][  0]LogTextLocalizationManager: Compacting localization data took   0.01ms
[2022.10.14-21.47.12:320][  0]LogAssetRegistry: FAssetRegistry took 0.0030 seconds to start up
[2022.10.14-21.47.12:505][  0]LogPackageLocalizationCache: Processed 27 localized package path(s) for 1 prioritized culture(s) in 0.001063 seconds
[2022.10.14-21.47.12:580][  0]LogInit: Selected Device Profile: [Windows]
[2022.10.14-21.47.12:580][  0]LogInit: Active device profile: [0000013A302F4F00][0000013A2D0BC480 49] Windows
[2022.10.14-21.47.12:580][  0]LogInit: Profiles: [0000013A302F4F00][0000013A2D0BC480 49] Windows, [0000013A302BE400][0000013A2D2BC600 49] WindowsNoEditor, [0000013A302F5F00][0000013A2D2C0780 49] WindowsServer, [0000013A302BD600][0000013A2D2C4900 49] WindowsClient, [0000013A302F5000][0000013A2D2C8A80 49] IOS, [0000013A302BFA00][0000013A2CD74C00 49] iPadAir, [0000013A302F7300][0000013A2CD78D80 49] iPadAir2, [0000013A3026D300][0000013A2CD81040 49] IPadPro, [0000013A3026D400][0000013A2CD7D080 49] iPadAir3, [0000013A302BCB00][0000013A2CD85200 49] iPadAir4, [0000013A3026E100][0000013A2CD89380 49] iPadMini2, [0000013A302BF400][0000013A2CD8D500 49] iPadMini3, [0000013A3026EC00][0000013A2CD91680 49] iPadMini4, [0000013A302BE700][0000013A2CD95800 49] iPadMini5, [0000013A302C4E00][0000013A2CD9DAC0 49] iPhone6, [0000013A302C4F00][0000013A2CD99B00 49] iPodTouch6, [0000013A302F7700][0000013A2D0B8200 49] iPhone7, [0000013A302F6800][0000013A2CDA0240 49] iPodTouch7, [0000013A3026CC00][0000013A2CDA4380 49] iPhone5S, [0000013A302F5300][0000013A2CDA84C0 49] iPhone6Plus, [0000013A302F4600][0000013A2CDB0640 49] iPhone6S, [0000013A302C5300][0000013A2CDB47C0 49] iPhone6SPlus, [0000013A302F4B00][0000013A2CDB8940 49] iPhone7Plus, [0000013A302C5600][0000013A2CDBCAC0 49] iPhoneSE, [0000013A302F4A00][0000013A30F42C40 49] iPhone8, [0000013A302C5200][0000013A30F46DC0 49] iPhone8Plus, [0000013A3026EB00][0000013A30F4AF40 49] iPhoneX, [0000013A302C4C00][0000013A30F4F0C0 49] iPhoneXS, [0000013A3026FA00][0000013A30F53240 49] iPhoneXSMax, [0000013A302C7800][0000013A30F573C0 49] iPhoneXR, [0000013A3026CD00][0000013A30F5B540 49] iPhone11, [0000013A302C6600][0000013A30F5F6C0 49] iPhone11Pro, [0000013A3026E900][0000013A30F63840 49] iPhone11ProMax, [0000013A302C4200][0000013A30F679C0 49] iPhoneSE2, [0000013A3026CB00][0000013A30F6BB40 49] iPhone12Mini, [0000013A302C6A00][0000013A30F6E140 49] iPhone12, [0000013A3026EE00][0000013A30F722C0 49] iPhone12Pro, [0000013A302C4A00][0000013A2CDAC400 49] iPhone12ProMax, [0000013A3026F200][0000013A30F76540 49] iPadPro105, [0000013A302C7600][0000013A30F7A680 49] iPadPro129, [0000013A3026E000][0000013A30F7E7C0 49] iPadPro97, [0000013A302C6000][0000013A30F86940 49] iPadPro2_129, [0000013A3026E400][0000013A30F8AAC0 49] iPad5, [0000013A302C5400][0000013A30F8EC40 49] iPad6, [0000013A3026D000][0000013A30F92DC0 49] iPad7, [0000013A302C5700][0000013A30F96F40 49] iPad8, [0000013A3026EF00][0000013A30F9B0C0 49] iPadPro11, [0000013A302C5800][0000013A30F9F240 49] iPadPro2_11, [0000013A3026C600][0000013A30FA33C0 49] iPadPro3_129, [0000013A302C4D00][0000013A30FA7540 49] iPadPro4_129, [0000013A3026F100][0000013A30FAB6C0 49] AppleTV, [0000013A302C4800][0000013A30FAF840 49] AppleTV4K, [0000013A3026C500][0000013A30FB39C0 49] TVOS, [0000013A302C5000][0000013A30FB7B40 49] Mac, [0000013A3026FC00][0000013A30FBA140 49] MacClient, [0000013A302C5500][0000013A30FBE2C0 49] MacNoEditor, [0000013A3026D500][0000013A30FC2440 49] MacServer, [0000013A302C6E00][0000013A30F82580 49] Linux, [0000013A3026C400][0000013A30FC66C0 49] LinuxAArch64, [0000013A302C5F00][0000013A30FCA800 49] LinuxNoEditor, [0000013A3026DC00][0000013A30FCE940 49] LinuxAArch64NoEditor, [0000013A302C7C00][0000013A30FD6AC0 49] LinuxClient, [0000013A3026ED00][0000013A30FDAC40 49] LinuxAArch64Client, [0000013A302C6500][0000013A30FDEDC0 49] LinuxServer, [0000013A3026DE00][0000013A30FE2F40 49] LinuxAArch64Server, [0000013A302C5900][0000013A30FE70C0 49] Android, [0000013A3026D200][0000013A30FEB240 49] Android_Low, [0000013A302C6B00][0000013A30FEF3C0 49] Android_Mid, [0000013A3026DA00][0000013A30FF3540 49] Android_High, [0000013A302C7000][0000013A30FF76C0 49] Android_Default, [0000013A3026D700][0000013A30FFB840 49] Android_Adreno4xx, [0000013A302C5B00][0000013A30FFF9C0 49] Android_Adreno5xx_Low, [0000013A3026CA00][0000013A31003B40 49] Android_Adreno5xx, [0000013A302C7400][0000013A31006140 49] Android_Adreno6xx, [0000013A3026CE00][0000013A3100A2C0 49] Android_Adreno6xx_Vulkan, [0000013A302C7200][0000013A3100E440 49] Android_Mali_T6xx, [0000013A302F6F00][0000013A310125C0 49] Android_Mali_T7xx, [0000013A302BC800][0000013A31016740 49] Android_Mali_T8xx, [0000013A302F4800][0000013A30FD2880 49] Android_Mali_G71, [0000013A302BCE00][0000013A3101A9C0 49] Android_Mali_G72, [0000013A302F5100][0000013A3101EB00 49] Android_Mali_G72_Vulkan, [0000013A302BE500][0000013A31026C80 49] Android_Mali_G76, [0000013A302F5500][0000013A3102AE00 49] Android_Mali_G76_Vulkan, [0000013A302BE000][0000013A3102EF80 49] Android_Mali_G77, [0000013A302F7F00][0000013A31033100 49] Android_Mali_G77_Vulkan, [0000013A302BDD00][0000013A31037280 49] Android_Mali_G78, [0000013A302F4300][0000013A3103B400 49] Android_Mali_G78_Vulkan, [0000013A302BC400][0000013A3103F580 49] Android_Mali_G710, [0000013A302F7600][0000013A31043700 49] Android_Mali_G710_Vulkan, [0000013A302BF100][0000013A31047880 49] Android_Vulkan_SM5, [0000013A302F4900][0000013A3104BA00 49] Android_PowerVR_G6xxx, [0000013A302BCA00][0000013A3104FB80 49] Android_PowerVR_GT7xxx, [0000013A302F4D00][0000013A31052180 49] Android_PowerVR_GE8xxx, [0000013A302BFB00][0000013A31056300 49] Android_PowerVR_GM9xxx, [0000013A302F6300][0000013A3105A480 49] Android_PowerVR_GM9xxx_Vulkan, [0000013A302BD200][0000013A3105E600 49] Android_TegraK1, [0000013A302F6A00][0000013A31062780 49] Android_Unknown_Vulkan, [0000013A302BF000][0000013A31066900 49] Lumin, [0000013A302F5C00][0000013A31022A40 49] Lumin_Desktop, [0000013A302BEE00][0000013A3106AB80 49] HoloLens, 
[2022.10.14-21.47.12:636][  0]LogMeshReduction: Using QuadricMeshReduction for automatic static mesh reduction
[2022.10.14-21.47.12:636][  0]LogMeshReduction: Using SimplygonMeshReduction for automatic skeletal mesh reduction
[2022.10.14-21.47.12:636][  0]LogMeshReduction: Using ProxyLODMeshReduction for automatic mesh merging
[2022.10.14-21.47.12:636][  0]LogMeshReduction: No distributed automatic mesh merging module available
[2022.10.14-21.47.12:636][  0]LogMeshMerging: No distributed automatic mesh merging module available
[2022.10.14-21.47.12:777][  0]LogNetVersion: UnrealLearningKit 1.0.0, NetCL: 17155196, EngineNetVer: 17, GameNetVer: 0 (Checksum: 2634337718)
[2022.10.14-21.47.13:051][  0]LogTexture: Default maximum texture size for cubemaps generated from long-lat sources has been changed from 512 to unlimited. In order to preserve old behaiour for '/Engine/MapTemplates/Sky/DaylightAmbientCubemap.DaylightAmbientCubemap', its maximum texture size has been explicitly set to 512.
[2022.10.14-21.47.13:105][  0]LogHMD: PokeAHoleMaterial loaded successfully
[2022.10.14-21.47.13:239][  0]LogMoviePlayer: Initializing movie player
[2022.10.14-21.47.13:369][  0]LogNiagaraDebuggerClient: Niagara Debugger Client Initialized | Session: E12CB75F4D673841E7E180816721ED29 | Instance: F5E39A5048F3B8C46ADD8C9FAA836449 (DAVIDLAPTOP-17992).
[2022.10.14-21.47.13:390][  0]LogCollectionManager: Loaded 0 collections in 0.002555 seconds
[2022.10.14-21.47.13:392][  0]LogFileCache: Scanning file cache for directory 'C:/Users/davs2/OneDrive/Documents/Unreal Projects/UnrealLearningKit/Saved/Collections/' took 0.00s
[2022.10.14-21.47.13:392][  0]LogFileCache: Scanning file cache for directory 'C:/Users/davs2/OneDrive/Documents/Unreal Projects/UnrealLearningKit/Content/Developers/davs2/Collections/' took 0.00s
[2022.10.14-21.47.13:392][  0]LogFileCache: Scanning file cache for directory 'C:/Users/davs2/OneDrive/Documents/Unreal Projects/UnrealLearningKit/Content/Collections/' took 0.00s
[2022.10.14-21.47.13:392][  0]LogCollectionManager: Fixed up redirectors for 0 collections in 0.000002 seconds (updated 0 objects)
[2022.10.14-21.47.13:519][  0]LogPython: Using Python 3.7.7
[2022.10.14-21.47.13:986][  0]LogTcpMessaging: Initializing TcpMessaging bridge
[2022.10.14-21.47.13:990][  0]LogUdpMessaging: Initializing bridge on interface 0.0.0.0:0 to multicast group 230.0.0.1:6666.
[2022.10.14-21.47.14:048][  0]SourceControl: Source control is disabled
[2022.10.14-21.47.14:048][  0]SourceControl: Source control is disabled
[2022.10.14-21.47.14:052][  0]SourceControl: Source control is disabled
[2022.10.14-21.47.14:060][  0]LogUProjectInfo: Found projects:
[2022.10.14-21.47.14:070][  0]LogVSAccessor: Display: Unable to create Visual Studio setup instance: 80040154
[2022.10.14-21.47.14:070][  0]LogVSAccessor: Display: Unable to create Visual Studio setup instance: 80040154
[2022.10.14-21.47.14:071][  0]LogVSAccessor: Display: Unable to create Visual Studio setup instance: 80040154
[2022.10.14-21.47.14:256][  0]LogOpenImageDenoise: OIDN starting up
[2022.10.14-21.47.14:266][  0]LogAndroidPermission: UAndroidPermissionCallbackProxy::GetInstance
[2022.10.14-21.47.14:294][  0]LogAudioCaptureCore: Display: No Audio Capture implementations found. Audio input will be silent.
[2022.10.14-21.47.14:295][  0]LogAudioCaptureCore: Display: No Audio Capture implementations found. Audio input will be silent.
[2022.10.14-21.47.14:375][  0]LogOcInput: OculusInput pre-init called
[2022.10.14-21.47.14:384][  0]LogUObjectArray: 22121 objects as part of root set at end of initial load.
[2022.10.14-21.47.14:384][  0]LogUObjectAllocator: 5975632 out of 0 bytes used by permanent object pool.
[2022.10.14-21.47.14:384][  0]LogUObjectArray: CloseDisregardForGC: 0/0 objects in disregard for GC pool
[2022.10.14-21.47.14:436][  0]LogEngine: Initializing Engine...
[2022.10.14-21.47.14:504][  0]LogHMD: Failed to initialize OpenVR with code 108
[2022.10.14-21.47.14:520][  0]LogHMD: Optional extension XR_VARJO_quad_views is not available
[2022.10.14-21.47.14:520][  0]LogHMD: Warning: Required extension XR_EXT_eye_gaze_interaction is not available
[2022.10.14-21.47.14:520][  0]LogHMD: Could not enable all required OpenXR extensions for OpenXREyeTracker on current system. This plugin will be loaded but ignored, but will be enabled on a target platform that supports the required extension.
[2022.10.14-21.47.14:563][  0]LogHMD: Failed to create an OpenXR instance, result is XR_ERROR_RUNTIME_FAILURE. Please check if you have an OpenXR runtime installed. The following extensions were enabled:
[2022.10.14-21.47.14:563][  0]LogHMD: - XR_KHR_D3D11_enable
[2022.10.14-21.47.14:563][  0]LogHMD: - XR_KHR_D3D12_enable
[2022.10.14-21.47.14:563][  0]LogHMD: - XR_KHR_opengl_enable
[2022.10.14-21.47.14:563][  0]LogHMD: - XR_KHR_vulkan_enable
[2022.10.14-21.47.14:563][  0]LogHMD: - XR_KHR_composition_layer_depth
[2022.10.14-21.47.14:563][  0]LogHMD: - XR_KHR_visibility_mask
[2022.10.14-21.47.14:563][  0]LogHMD: - XR_EXT_hand_tracking
[2022.10.14-21.47.14:563][  0]LogMagicLeap: Warning: VR disabled because ZI is not enabled.  To enable, in the editor, Edit -> Project Settings -> Plugins -> Magic Leap Plugin -> Enable Zero Iteration
[2022.10.14-21.47.14:564][  0]LogStats: UGameplayTagsManager::InitializeManager -  0.000 s
[2022.10.14-21.47.14:661][  0]LogInit: Initializing FReadOnlyCVARCache
[2022.10.14-21.47.14:661][  0]LogAudio: Display: Initializing Audio Device Manager...
[2022.10.14-21.47.14:665][  0]LogAudio: Display: Loading Default Audio Settings Objects...
[2022.10.14-21.47.14:666][  0]LogAudio: Display: No default SoundConcurrencyObject specified (or failed to load).
[2022.10.14-21.47.14:666][  0]LogAudio: Display: Audio Device Manager Initialized
[2022.10.14-21.47.14:666][  0]LogAudio: Display: Creating Audio Device:                 Id: 1, Scope: Shared, Realtime: True
[2022.10.14-21.47.14:666][  0]LogAudioMixer: Display: Audio Mixer Platform Settings:
[2022.10.14-21.47.14:666][  0]LogAudioMixer: Display: 	Sample Rate:						  48000
[2022.10.14-21.47.14:666][  0]LogAudioMixer: Display: 	Callback Buffer Frame Size Requested: 1024
[2022.10.14-21.47.14:666][  0]LogAudioMixer: Display: 	Callback Buffer Frame Size To Use:	  1024
[2022.10.14-21.47.14:666][  0]LogAudioMixer: Display: 	Number of buffers to queue:			  2
[2022.10.14-21.47.14:666][  0]LogAudioMixer: Display: 	Max Channels (voices):				  32
[2022.10.14-21.47.14:666][  0]LogAudioMixer: Display: 	Number of Async Source Workers:		  0
[2022.10.14-21.47.14:666][  0]LogAudio: Display: AudioDevice MaxSources: 32
[2022.10.14-21.47.14:667][  0]LogAudio: Display: Audio Spatialization Plugin: None (built-in).
[2022.10.14-21.47.14:667][  0]LogAudio: Display: Audio Reverb Plugin: None (built-in).
[2022.10.14-21.47.14:667][  0]LogAudio: Display: Audio Occlusion Plugin: None (built-in).
[2022.10.14-21.47.14:667][  0]LogAudioMixer: Display: Initializing audio mixer.
[2022.10.14-21.47.15:316][  0]LogAudioMixer: Display: 0: FrontLeft
[2022.10.14-21.47.15:316][  0]LogAudioMixer: Display: 1: FrontRight
[2022.10.14-21.47.15:316][  0]LogAudioMixer: Display: 2: FrontCenter
[2022.10.14-21.47.15:316][  0]LogAudioMixer: Display: 3: LowFrequency
[2022.10.14-21.47.15:316][  0]LogAudioMixer: Display: 4: BackLeft
[2022.10.14-21.47.15:316][  0]LogAudioMixer: Display: 5: BackRight
[2022.10.14-21.47.15:316][  0]LogAudioMixer: Display: 6: SideLeft
[2022.10.14-21.47.15:316][  0]LogAudioMixer: Display: 7: SideRight
[2022.10.14-21.47.15:649][  0]LogAudioMixer: Display: Using Audio Device Speakers (Realtek(R) Audio)
[2022.10.14-21.47.15:656][  0]LogAudioMixer: Display: Initializing Sound Submixes...
[2022.10.14-21.47.15:659][  0]LogAudioMixer: Display: Creating Master Submix 'MasterSubmixDefault'
[2022.10.14-21.47.15:659][  0]LogAudioMixer: Display: Creating Master Submix 'MasterReverbSubmixDefault'
[2022.10.14-21.47.15:661][  0]LogAudioMixer: Display: Creating Master Submix 'MasterEQSubmixDefault'
[2022.10.14-21.47.15:661][  0]LogAudioMixer: FMixerPlatformXAudio2::StartAudioStream() called
[2022.10.14-21.47.15:661][  0]LogAudioMixer: Display: Output buffers initialized: Frames=1024, Channels=8, Samples=8192
[2022.10.14-21.47.15:662][  0]LogAudioMixer: Display: Starting AudioMixerPlatformInterface::RunInternal()
[2022.10.14-21.47.15:662][  0]LogAudioMixer: Display: FMixerPlatformXAudio2::SubmitBuffer() called for the first time
[2022.10.14-21.47.15:662][  0]LogInit: FAudioDevice initialized.
[2022.10.14-21.47.15:664][  0]LogNetVersion: Set ProjectVersion to 4.1. Version Checksum will be recalculated on next use.
[2022.10.14-21.47.15:669][  0]LogInit: Texture streaming: Enabled
[2022.10.14-21.47.15:808][  0]LogAudio: Display: Audio Device (ID: 1) registered with world 'Untitled'.
[2022.10.14-21.47.15:808][  0]LogSlate: Updating window title bar state: overlay mode, drag disabled, window buttons hidden, title bar hidden
[2022.10.14-21.47.15:809][  0]LogInit: Display: Game Engine Initialized.
[2022.10.14-21.47.15:809][  0]LogNiagaraEditor: GEditor isn't valid! Particle reset commands will not work for Niagara components!
[2022.10.14-21.47.15:973][  0]LogInit: Display: Starting Game.
[2022.10.14-21.47.15:973][  0]LogNet: Browse: /Game/LearningKit_Games/Maps/LearningKit_Games_Showcase?Name=Player
[2022.10.14-21.47.15:974][  0]LogLoad: LoadMap: /Game/LearningKit_Games/Maps/LearningKit_Games_Showcase?Name=Player
[2022.10.14-21.47.15:974][  0]LogWorld: BeginTearingDown for /Temp/Untitled_0
[2022.10.14-21.47.15:977][  0]LogWorld: UWorld::CleanupWorld for Untitled, bSessionEnded=true, bCleanupResources=true
[2022.10.14-21.47.15:977][  0]LogSlate: InvalidateAllWidgets triggered.  All widgets were invalidated
[2022.10.14-21.47.15:983][  0]LogAudio: Display: Audio Device unregistered from world 'None'.
[2022.10.14-21.47.15:987][  0]LogUObjectHash: Compacting FUObjectHashTables data took   1.25ms
[2022.10.14-21.47.17:582][  0]LogAudio: Display: Audio Device (ID: 1) registered with world 'LearningKit_Games_Showcase'.
[2022.10.14-21.47.17:591][  0]LogAIModule: Creating AISystem for world LearningKit_Games_Showcase
[2022.10.14-21.47.17:591][  0]LogLoad: Game class is 'BP_LearningKitGameMode_C'
[2022.10.14-21.47.17:630][  0]LogWorld: Bringing World /Game/LearningKit_Games/Maps/LearningKit_Games_Showcase.LearningKit_Games_Showcase up for play (max tick rate 0) at 2022.10.14-16.47.17
[2022.10.14-21.47.19:389][  0]LogWorld: Bringing up level for play took: 1.794988
[2022.10.14-21.47.19:393][  0]LogLoad: Took 3.420629 seconds to LoadMap(/Game/LearningKit_Games/Maps/LearningKit_Games_Showcase)
[2022.10.14-21.47.19:550][  0]LogSlate: Took 0.000215 seconds to synchronously load lazily loaded font '../../../Engine/Content/Slate/Fonts/Roboto-Regular.ttf' (155K)
[2022.10.14-21.47.19:638][  0]LogRenderer: Reallocating scene render targets to support 1280x720 Format 10 NumSamples 1 (Frame:1).
[2022.10.14-21.47.19:638][  0]LogStaticMesh: Allocated 417x128x128 distance field atlas = 13.0Mb, with 33 objects containing 11.7Mb backing data
[2022.10.14-21.47.19:638][  0]LogInit: Display: Engine is initialized. Leaving FEngineLoop::Init()
[2022.10.14-21.47.19:638][  0]LogLoad: (Engine Initialization) Total time: 12.69 seconds
[2022.10.14-21.47.19:638][  0]LogLoad: (Engine Initialization) Total Blueprint compile time: 0.00 seconds
[2022.10.14-21.47.19:641][  0]LogContentStreaming: Texture pool size now 1000 MB
[2022.10.14-21.47.19:644][  0]LogSlate: InvalidateAllWidgets triggered.  All widgets were invalidated
[2022.10.14-21.47.19:759][  0]LogRenderer: Reallocating scene render targets to support 128x128 Format 10 NumSamples 1 (Frame:1).
[2022.10.14-21.47.19:790][  0]LogRenderer: Reallocating scene render targets to support 1280x720 Format 10 NumSamples 1 (Frame:2).
[2022.10.14-21.47.19:813][  1]LogSlate: Took 0.000215 seconds to synchronously load lazily loaded font '../../../Engine/Content/Slate/Fonts/Roboto-Regular.ttf' (155K)
[2022.10.14-21.50.18:707][725]LogBlueprintUserMessages: [PowerUp_Pickup_BP_Child5_17] Power Up
[2022.10.14-21.50.20:917][944]LogBlueprintUserMessages: [PowerUp_Pickup_BP_Child8_5] Power Up
[2022.10.14-21.50.52:030][984]LogBlueprintUserMessages: [PowerUp_Pickup_BP_Child9] Power Up
[2022.10.14-21.51.19:434][659]LogBlueprintUserMessages: [Pursuer_BP_2] HIT HEAD
[2022.10.14-21.51.23:170][ 25]LogBlueprintUserMessages: [PowerUp_Pickup_BP_Child7_2] Power Up
[2022.10.14-21.51.25:309][234]LogBlueprintUserMessages: [PowerUp_Pickup_BP_Child6_21] Power Up
[2022.10.14-21.51.29:293][628]LogBlueprintUserMessages: [HealthKit_Pickup_BP_2] Hello
[2022.10.14-21.51.29:293][628]LogBlueprintUserMessages: [HealthKit_Pickup_BP_2] Collectable
[2022.10.14-21.51.29:556][654]LogBlueprintUserMessages: [HealthKit_Pickup_BP2] Hello
[2022.10.14-21.51.29:556][654]LogBlueprintUserMessages: [HealthKit_Pickup_BP2] Collectable
[2022.10.14-21.52.43:802][ 52]LogBlueprintUserMessages: [PowerUp_Pickup_BP_Child10_24] Power Up
[2022.10.14-21.52.47:242][400]LogBlueprintUserMessages: [PowerUp_Pickup_BP_Child11_27] Power Up
[2022.10.14-21.52.48:574][535]LogBlueprintUserMessages: [PowerUp_Pickup_BP_Child13_33] Power Up
[2022.10.14-21.53.15:711][285]LogViewport: Display: Viewport MouseLockMode Changed, LockOnCapture -> DoNotLock
[2022.10.14-21.53.15:711][285]LogViewport: Display: Viewport MouseCaptureMode Changed, CapturePermanently_IncludingInitialMouseDown -> NoCapture
[2022.10.14-21.53.17:547][487]LogViewport: Display: Viewport MouseLockMode Changed, DoNotLock -> LockOnCapture
[2022.10.14-21.53.17:547][487]LogViewport: Display: Viewport MouseCaptureMode Changed, NoCapture -> CapturePermanently
[2022.10.14-21.53.17:548][487]LogNet: Browse: /Game/LearningKit_Games/Maps/LearningKit_Games_Showcase
[2022.10.14-21.53.17:548][487]LogLoad: LoadMap: /Game/LearningKit_Games/Maps/LearningKit_Games_Showcase
[2022.10.14-21.53.17:548][487]LogWorld: BeginTearingDown for /Game/LearningKit_Games/Maps/LearningKit_Games_Showcase
[2022.10.14-21.53.17:549][487]LogWorld: UWorld::CleanupWorld for LearningKit_Games_Showcase, bSessionEnded=true, bCleanupResources=true
[2022.10.14-21.53.17:551][487]LogSlate: InvalidateAllWidgets triggered.  All widgets were invalidated
[2022.10.14-21.53.17:581][487]LogAudio: Display: Audio Device unregistered from world 'None'.
[2022.10.14-21.53.17:633][487]LogUObjectHash: Compacting FUObjectHashTables data took   1.43ms
[2022.10.14-21.53.19:200][487]LogAudio: Display: Audio Device (ID: 1) registered with world 'LearningKit_Games_Showcase'.
[2022.10.14-21.53.19:201][487]LogAIModule: Creating AISystem for world LearningKit_Games_Showcase
[2022.10.14-21.53.19:201][487]LogLoad: Game class is 'BP_LearningKitGameMode_C'
[2022.10.14-21.53.19:243][487]LogWorld: Bringing World /Game/LearningKit_Games/Maps/LearningKit_Games_Showcase.LearningKit_Games_Showcase up for play (max tick rate 0) at 2022.10.14-16.53.19
[2022.10.14-21.53.21:089][487]LogWorld: Bringing up level for play took: 1.883184
[2022.10.14-21.53.21:093][487]LogLoad: Took 3.544604 seconds to LoadMap(/Game/LearningKit_Games/Maps/LearningKit_Games_Showcase)
[2022.10.14-21.53.21:100][488]LogCharacterMovement: Warning: GetSimulationTimeStep() - Max iterations 8 hit while remaining time 0.080392 > MaxSimulationTimeStep (0.050) for 'Canon_BP2_5', movement 'Walking'
[2022.10.14-21.53.25:199][881]LogBlueprintUserMessages: [PowerUp_Pickup_BP_Child5_17] Power Up
[2022.10.14-21.53.26:227][983]LogBlueprintUserMessages: [PowerUp_Pickup_BP_Child8_5] Power Up
[2022.10.14-21.53.28:074][165]LogBlueprintUserMessages: [PowerUp_Pickup_BP_Child9] Power Up
[2022.10.14-21.53.30:129][367]LogBlueprintUserMessages: [PowerUp_Pickup_BP_Child7_2] Power Up
[2022.10.14-21.53.32:102][563]LogBlueprintUserMessages: [PowerUp_Pickup_BP_Child6_21] Power Up
[2022.10.14-21.53.33:816][733]LogBlueprintUserMessages: [PowerUp_Pickup_BP_Child10_24] Power Up
[2022.10.14-21.53.34:932][846]LogBlueprintUserMessages: [PowerUp_Pickup_BP_Child11_27] Power Up
[2022.10.14-21.53.36:243][979]LogBlueprintUserMessages: [PowerUp_Pickup_BP_Child13_33] Power Up
[2022.10.14-21.53.42:513][602]LogViewport: Display: Viewport MouseLockMode Changed, LockOnCapture -> DoNotLock
[2022.10.14-21.53.42:513][602]LogViewport: Display: Viewport MouseCaptureMode Changed, CapturePermanently -> NoCapture
[2022.10.14-21.53.43:057][660]LogViewport: Display: Viewport MouseLockMode Changed, DoNotLock -> LockOnCapture
[2022.10.14-21.53.43:057][660]LogViewport: Display: Viewport MouseCaptureMode Changed, NoCapture -> CapturePermanently
[2022.10.14-21.53.43:059][660]LogNet: Browse: /Game/LearningKit_Games/Maps/LearningKit_Games_Showcase
[2022.10.14-21.53.43:059][660]LogLoad: LoadMap: /Game/LearningKit_Games/Maps/LearningKit_Games_Showcase
[2022.10.14-21.53.43:059][660]LogWorld: BeginTearingDown for /Game/LearningKit_Games/Maps/LearningKit_Games_Showcase
[2022.10.14-21.53.43:060][660]LogWorld: UWorld::CleanupWorld for LearningKit_Games_Showcase, bSessionEnded=true, bCleanupResources=true
[2022.10.14-21.53.43:063][660]LogSlate: InvalidateAllWidgets triggered.  All widgets were invalidated
[2022.10.14-21.53.43:112][660]LogAudio: Display: Audio Device unregistered from world 'None'.
[2022.10.14-21.53.43:138][660]LogUObjectHash: Compacting FUObjectHashTables data took   0.85ms
[2022.10.14-21.53.44:658][660]LogAudio: Display: Audio Device (ID: 1) registered with world 'LearningKit_Games_Showcase'.
[2022.10.14-21.53.44:659][660]LogAIModule: Creating AISystem for world LearningKit_Games_Showcase
[2022.10.14-21.53.44:659][660]LogLoad: Game class is 'BP_LearningKitGameMode_C'
[2022.10.14-21.53.44:700][660]LogWorld: Bringing World /Game/LearningKit_Games/Maps/LearningKit_Games_Showcase.LearningKit_Games_Showcase up for play (max tick rate 0) at 2022.10.14-16.53.44
[2022.10.14-21.53.46:553][660]LogWorld: Bringing up level for play took: 1.891364
[2022.10.14-21.53.46:557][660]LogLoad: Took 3.498868 seconds to LoadMap(/Game/LearningKit_Games/Maps/LearningKit_Games_Showcase)
[2022.10.14-21.53.46:564][661]LogCharacterMovement: Warning: GetSimulationTimeStep() - Max iterations 8 hit while remaining time 0.080650 > MaxSimulationTimeStep (0.050) for 'Canon_BP2_5', movement 'Walking'
[2022.10.14-21.53.50:446][ 43]LogBlueprintUserMessages: [PowerUp_Pickup_BP_Child5_17] Power Up
[2022.10.14-21.53.51:472][147]LogBlueprintUserMessages: [PowerUp_Pickup_BP_Child8_5] Power Up
[2022.10.14-21.53.53:303][330]LogBlueprintUserMessages: [PowerUp_Pickup_BP_Child9] Power Up
[2022.10.14-21.53.55:389][537]LogBlueprintUserMessages: [PowerUp_Pickup_BP_Child7_2] Power Up
[2022.10.14-21.53.57:274][722]LogBlueprintUserMessages: [PowerUp_Pickup_BP_Child6_21] Power Up
[2022.10.14-21.53.59:067][900]LogBlueprintUserMessages: [PowerUp_Pickup_BP_Child10_24] Power Up
[2022.10.14-21.54.00:160][  9]LogBlueprintUserMessages: [PowerUp_Pickup_BP_Child11_27] Power Up
[2022.10.14-21.54.01:477][139]LogBlueprintUserMessages: [PowerUp_Pickup_BP_Child13_33] Power Up
[2022.10.14-21.54.07:639][748]LogViewport: Display: Viewport MouseLockMode Changed, LockOnCapture -> DoNotLock
[2022.10.14-21.54.07:639][748]LogViewport: Display: Viewport MouseCaptureMode Changed, CapturePermanently -> NoCapture
[2022.10.14-21.54.10:604][ 72]LogViewport: Display: Viewport MouseLockMode Changed, DoNotLock -> LockOnCapture
[2022.10.14-21.54.10:604][ 72]LogViewport: Display: Viewport MouseCaptureMode Changed, NoCapture -> CapturePermanently
[2022.10.14-21.54.10:605][ 72]LogNet: Browse: /Game/LearningKit_Games/Maps/LearningKit_Games_Showcase
[2022.10.14-21.54.10:605][ 72]LogLoad: LoadMap: /Game/LearningKit_Games/Maps/LearningKit_Games_Showcase
[2022.10.14-21.54.10:605][ 72]LogWorld: BeginTearingDown for /Game/LearningKit_Games/Maps/LearningKit_Games_Showcase
[2022.10.14-21.54.10:606][ 72]LogWorld: UWorld::CleanupWorld for LearningKit_Games_Showcase, bSessionEnded=true, bCleanupResources=true
[2022.10.14-21.54.10:609][ 72]LogSlate: InvalidateAllWidgets triggered.  All widgets were invalidated
[2022.10.14-21.54.10:652][ 72]LogAudio: Display: Audio Device unregistered from world 'None'.
[2022.10.14-21.54.10:678][ 72]LogUObjectHash: Compacting FUObjectHashTables data took   0.88ms
[2022.10.14-21.54.12:155][ 72]LogAudio: Display: Audio Device (ID: 1) registered with world 'LearningKit_Games_Showcase'.
[2022.10.14-21.54.12:156][ 72]LogAIModule: Creating AISystem for world LearningKit_Games_Showcase
[2022.10.14-21.54.12:156][ 72]LogLoad: Game class is 'BP_LearningKitGameMode_C'
[2022.10.14-21.54.12:197][ 72]LogWorld: Bringing World /Game/LearningKit_Games/Maps/LearningKit_Games_Showcase.LearningKit_Games_Showcase up for play (max tick rate 0) at 2022.10.14-16.54.12
[2022.10.14-21.54.14:198][ 72]LogWorld: Bringing up level for play took: 2.039230
[2022.10.14-21.54.14:201][ 72]LogLoad: Took 3.596450 seconds to LoadMap(/Game/LearningKit_Games/Maps/LearningKit_Games_Showcase)
[2022.10.14-21.54.14:209][ 73]LogCharacterMovement: Warning: GetSimulationTimeStep() - Max iterations 8 hit while remaining time 0.080132 > MaxSimulationTimeStep (0.050) for 'Canon_BP2_5', movement 'Walking'
[2022.10.14-21.54.18:428][498]LogBlueprintUserMessages: [PowerUp_Pickup_BP_Child5_17] Power Up
[2022.10.14-21.54.19:424][597]LogBlueprintUserMessages: [PowerUp_Pickup_BP_Child8_5] Power Up
[2022.10.14-21.54.21:299][789]LogBlueprintUserMessages: [PowerUp_Pickup_BP_Child9] Power Up
[2022.10.14-21.54.23:316][989]LogBlueprintUserMessages: [PowerUp_Pickup_BP_Child7_2] Power Up
[2022.10.14-21.54.25:303][188]LogBlueprintUserMessages: [PowerUp_Pickup_BP_Child6_21] Power Up
[2022.10.14-21.54.26:926][348]LogBlueprintUserMessages: [PowerUp_Pickup_BP_Child10_24] Power Up
[2022.10.14-21.54.28:031][457]LogBlueprintUserMessages: [PowerUp_Pickup_BP_Child11_27] Power Up
[2022.10.14-21.54.29:335][588]LogBlueprintUserMessages: [PowerUp_Pickup_BP_Child13_33] Power Up
[2022.10.14-21.54.33:236][975]LogBlueprintUserMessages: [Sharpshooter_2] HIT HEAD
[2022.10.14-21.54.33:256][977]LogBlueprintUserMessages: [PowerUp_Pickup_BP_Child12_30] Power Up
[2022.10.14-21.54.40:366][691]LogViewport: Display: Viewport MouseLockMode Changed, LockOnCapture -> DoNotLock
[2022.10.14-21.54.40:366][691]LogViewport: Display: Viewport MouseCaptureMode Changed, CapturePermanently -> NoCapture
[2022.10.14-21.54.44:113][ 57]LogSlate: Window 'UnrealLearningKit (64-bit Development PCD3D_SM5) ' being destroyed
[2022.10.14-21.54.44:114][ 57]LogWindowsTextInputMethodSystem: Display: IME system deactivated.
[2022.10.14-21.54.44:125][ 57]LogSlate: Updating window title bar state: overlay mode, drag disabled, window buttons hidden, title bar hidden
[2022.10.14-21.54.44:125][ 57]LogEngine: All Windows Closed
[2022.10.14-21.54.44:125][ 57]LogWindows: FPlatformMisc::RequestExit(0)
[2022.10.14-21.54.44:125][ 57]LogWindows: FPlatformMisc::RequestExitWithStatus(0, 0)
[2022.10.14-21.54.44:125][ 57]LogCore: Engine exit requested (reason: Win RequestExit)
[2022.10.14-21.54.44:126][ 58]LogCore: Engine exit requested (reason: EngineExit() was called; note: exit was already requested)
[2022.10.14-21.54.44:126][ 58]LogInit: Display: PreExit Game.
[2022.10.14-21.54.44:171][ 58]LogWorld: BeginTearingDown for /Game/LearningKit_Games/Maps/LearningKit_Games_Showcase
[2022.10.14-21.54.44:172][ 58]LogWorld: UWorld::CleanupWorld for LearningKit_Games_Showcase, bSessionEnded=true, bCleanupResources=true
[2022.10.14-21.54.44:180][ 58]LogSlate: InvalidateAllWidgets triggered.  All widgets were invalidated
[2022.10.14-21.54.44:823][ 58]LogAudio: Display: Beginning Audio Device Manager Shutdown (Module: AudioMixerXAudio2)...
[2022.10.14-21.54.44:823][ 58]LogAudio: Display: Destroying 1 Remaining Audio Device(s)...
[2022.10.14-21.54.44:823][ 58]LogAudio: Display: Audio Device unregistered from world 'LearningKit_Games_Showcase'.
[2022.10.14-21.54.44:853][ 58]LogAudioMixer: FMixerPlatformXAudio2::StopAudioStream() called
[2022.10.14-21.54.44:854][ 58]LogAudioMixer: FMixerPlatformXAudio2::StopAudioStream() called
[2022.10.14-21.54.44:876][ 58]LogAudio: Display: Audio Device Manager Shutdown
[2022.10.14-21.54.44:881][ 58]LogExit: Preparing to exit.
